<?xml version="1.0" encoding="UTF-8"?>
<coverage generated="1785166607058" clover="3.2.0">
  <project timestamp="1785166607058" name="All files">
    <metrics statements="981" coveredstatements="407" conditionals="575" coveredconditionals="215" methods="283" coveredmethods="101" elements="1839" coveredelements="723" complexity="0" loc="981" ncloc="981" packages="1" files="18" classes="18"/>
    <file name="abilities.ts" path="C:\Users\TEB283_WS\Desktop\AI Projektek\SushiTycoon\src\game\abilities.ts">
      <metrics statements="3" coveredstatements="3" conditionals="0" coveredconditionals="0" methods="1" coveredmethods="1"/>
      <line num="25" count="1" type="stmt"/>
      <line num="88" count="1" type="stmt"/>
      <line num="89" count="6" type="stmt"/>
    </file>
    <file name="achievements.ts" path="C:\Users\TEB283_WS\Desktop\AI Projektek\SushiTycoon\src\game\achievements.ts">
      <metrics statements="37" coveredstatements="4" conditionals="0" coveredconditionals="0" methods="44" coveredmethods="1"/>
      <line num="19" count="5" type="stmt"/>
      <line num="21" count="5" type="stmt"/>
      <line num="22" count="0" type="stmt"/>
      <line num="23" count="0" type="stmt"/>
      <line num="24" count="0" type="stmt"/>
      <line num="25" count="0" type="stmt"/>
      <line num="26" count="0" type="stmt"/>
      <line num="27" count="0" type="stmt"/>
      <line num="28" count="0" type="stmt"/>
      <line num="29" count="0" type="stmt"/>
      <line num="30" count="0" type="stmt"/>
      <line num="31" count="0" type="stmt"/>
      <line num="32" count="0" type="stmt"/>
      <line num="33" count="0" type="stmt"/>
      <line num="34" count="0" type="stmt"/>
      <line num="35" count="0" type="stmt"/>
      <line num="36" count="0" type="stmt"/>
      <line num="37" count="0" type="stmt"/>
      <line num="38" count="0" type="stmt"/>
      <line num="39" count="0" type="stmt"/>
      <line num="40" count="0" type="stmt"/>
      <line num="41" count="0" type="stmt"/>
      <line num="42" count="0" type="stmt"/>
      <line num="43" count="0" type="stmt"/>
      <line num="44" count="0" type="stmt"/>
      <line num="45" count="0" type="stmt"/>
      <line num="46" count="0" type="stmt"/>
      <line num="47" count="0" type="stmt"/>
      <line num="48" count="0" type="stmt"/>
      <line num="49" count="0" type="stmt"/>
      <line num="50" count="0" type="stmt"/>
      <line num="51" count="0" type="stmt"/>
      <line num="52" count="0" type="stmt"/>
      <line num="53" count="0" type="stmt"/>
      <line num="54" count="0" type="stmt"/>
      <line num="57" count="5" type="stmt"/>
      <line num="58" count="165" type="stmt"/>
    </file>
    <file name="analytics.ts" path="C:\Users\TEB283_WS\Desktop\AI Projektek\SushiTycoon\src\game\analytics.ts">
      <metrics statements="13" coveredstatements="7" conditionals="7" coveredconditionals="3" methods="6" coveredmethods="3"/>
      <line num="16" count="1" type="stmt"/>
      <line num="18" count="1" type="stmt"/>
      <line num="22" count="1" type="stmt"/>
      <line num="25" count="10" type="cond" truecount="1" falsecount="1"/>
      <line num="26" count="0" type="cond" truecount="0" falsecount="2"/>
      <line num="27" count="0" type="stmt"/>
      <line num="28" count="0" type="stmt"/>
      <line num="29" count="0" type="stmt"/>
      <line num="31" count="0" type="stmt"/>
      <line num="35" count="10" type="stmt"/>
      <line num="36" count="10" type="cond" truecount="1" falsecount="1"/>
      <line num="37" count="10" type="stmt"/>
      <line num="41" count="0" type="stmt"/>
    </file>
    <file name="audio.ts" path="C:\Users\TEB283_WS\Desktop\AI Projektek\SushiTycoon\src\game\audio.ts">
      <metrics statements="47" coveredstatements="20" conditionals="17" coveredconditionals="7" methods="19" coveredmethods="10"/>
      <line num="10" count="1" type="stmt"/>
      <line num="11" count="1" type="stmt"/>
      <line num="12" count="1" type="stmt"/>
      <line num="15" count="18" type="cond" truecount="1" falsecount="1"/>
      <line num="16" count="18" type="cond" truecount="1" falsecount="1"/>
      <line num="17" count="18" type="stmt"/>
      <line num="18" count="18" type="stmt"/>
      <line num="20" count="18" type="stmt"/>
      <line num="23" count="0" type="cond" truecount="0" falsecount="2"/>
      <line num="24" count="0" type="stmt"/>
      <line num="28" count="0" type="stmt"/>
      <line num="32" count="0" type="stmt"/>
      <line num="33" count="0" type="cond" truecount="0" falsecount="2"/>
      <line num="34" count="0" type="stmt"/>
      <line num="38" count="0" type="stmt"/>
      <line num="42" count="0" type="stmt"/>
      <line num="43" count="0" type="cond" truecount="0" falsecount="2"/>
      <line num="44" count="0" type="stmt"/>
      <line num="51" count="18" type="stmt"/>
      <line num="52" count="18" type="cond" truecount="1" falsecount="1"/>
      <line num="53" count="0" type="stmt"/>
      <line num="54" count="0" type="stmt"/>
      <line num="55" count="0" type="stmt"/>
      <line num="56" count="0" type="stmt"/>
      <line num="57" count="0" type="stmt"/>
      <line num="58" count="0" type="stmt"/>
      <line num="59" count="0" type="stmt"/>
      <line num="60" count="0" type="stmt"/>
      <line num="61" count="0" type="stmt"/>
      <line num="62" count="0" type="stmt"/>
      <line num="63" count="0" type="stmt"/>
      <line num="64" count="0" type="stmt"/>
      <line num="69" count="14" type="stmt"/>
      <line num="79" count="9" type="cond" truecount="1" falsecount="1"/>
      <line num="80" count="9" type="stmt"/>
      <line num="81" count="9" type="stmt"/>
      <line num="87" count="1" type="stmt"/>
      <line num="88" count="2" type="stmt"/>
      <line num="89" count="2" type="stmt"/>
      <line num="90" count="3" type="stmt"/>
      <line num="91" count="1" type="stmt"/>
      <line num="92" count="0" type="stmt"/>
      <line num="93" count="0" type="stmt"/>
      <line num="94" count="0" type="stmt"/>
      <line num="95" count="1" type="stmt"/>
      <line num="96" count="0" type="stmt"/>
      <line num="97" count="0" type="stmt"/>
    </file>
    <file name="chefs.ts" path="C:\Users\TEB283_WS\Desktop\AI Projektek\SushiTycoon\src\game\chefs.ts">
      <metrics statements="48" coveredstatements="33" conditionals="44" coveredconditionals="23" methods="17" coveredmethods="11"/>
      <line num="50" count="5" type="stmt"/>
      <line num="57" count="5" type="stmt"/>
      <line num="64" count="5" type="stmt"/>
      <line num="66" count="5" type="stmt"/>
      <line num="68" count="5" type="stmt"/>
      <line num="149" count="65" type="stmt"/>
      <line num="152" count="5" type="stmt"/>
      <line num="157" count="5" type="stmt"/>
      <line num="158" count="5" type="stmt"/>
      <line num="159" count="5" type="stmt"/>
      <line num="162" count="0" type="stmt"/>
      <line num="163" count="0" type="cond" truecount="0" falsecount="4"/>
      <line num="172" count="29" type="cond" truecount="2" falsecount="0"/>
      <line num="177" count="0" type="cond" truecount="0" falsecount="2"/>
      <line num="178" count="0" type="stmt"/>
      <line num="180" count="0" type="stmt"/>
      <line num="185" count="8" type="cond" truecount="1" falsecount="1"/>
      <line num="186" count="8" type="stmt"/>
      <line num="191" count="48" type="stmt"/>
      <line num="192" count="22" type="stmt"/>
      <line num="193" count="22" type="cond" truecount="2" falsecount="0"/>
      <line num="202" count="8" type="stmt"/>
      <line num="203" count="8" type="cond" truecount="2" falsecount="0"/>
      <line num="204" count="8" type="stmt"/>
      <line num="205" count="8" type="stmt"/>
      <line num="206" count="8" type="stmt"/>
      <line num="224" count="31" type="stmt"/>
      <line num="225" count="31" type="stmt"/>
      <line num="226" count="10" type="cond" truecount="2" falsecount="0"/>
      <line num="227" count="9" type="cond" truecount="1" falsecount="1"/>
      <line num="228" count="10" type="stmt"/>
      <line num="229" count="10" type="cond" truecount="4" falsecount="0"/>
      <line num="230" count="8" type="cond" truecount="5" falsecount="0"/>
      <line num="231" count="4" type="cond" truecount="4" falsecount="1"/>
      <line num="232" count="4" type="stmt"/>
      <line num="234" count="31" type="stmt"/>
      <line num="244" count="9" type="stmt"/>
      <line num="249" count="0" type="stmt"/>
      <line num="254" count="0" type="stmt"/>
      <line num="255" count="0" type="cond" truecount="0" falsecount="2"/>
      <line num="256" count="0" type="cond" truecount="0" falsecount="6"/>
      <line num="258" count="0" type="cond" truecount="0" falsecount="2"/>
      <line num="260" count="0" type="cond" truecount="0" falsecount="2"/>
      <line num="262" count="0" type="stmt"/>
      <line num="264" count="0" type="stmt"/>
      <line num="266" count="0" type="stmt"/>
      <line num="268" count="0" type="stmt"/>
      <line num="278" count="3" type="stmt"/>
    </file>
    <file name="config.ts" path="C:\Users\TEB283_WS\Desktop\AI Projektek\SushiTycoon\src\game\config.ts">
      <metrics statements="18" coveredstatements="18" conditionals="0" coveredconditionals="0" methods="1" coveredmethods="1"/>
      <line num="9" count="6" type="stmt"/>
      <line num="22" count="60" type="stmt"/>
      <line num="25" count="6" type="stmt"/>
      <line num="27" count="6" type="stmt"/>
      <line num="30" count="6" type="stmt"/>
      <line num="32" count="6" type="stmt"/>
      <line num="35" count="6" type="stmt"/>
      <line num="36" count="6" type="stmt"/>
      <line num="39" count="6" type="stmt"/>
      <line num="40" count="6" type="stmt"/>
      <line num="45" count="6" type="stmt"/>
      <line num="46" count="6" type="stmt"/>
      <line num="48" count="6" type="stmt"/>
      <line num="50" count="6" type="stmt"/>
      <line num="51" count="6" type="stmt"/>
      <line num="53" count="6" type="stmt"/>
      <line num="54" count="6" type="stmt"/>
      <line num="56" count="6" type="stmt"/>
    </file>
    <file name="league.ts" path="C:\Users\TEB283_WS\Desktop\AI Projektek\SushiTycoon\src\game\league.ts">
      <metrics statements="32" coveredstatements="30" conditionals="14" coveredconditionals="13" methods="9" coveredmethods="8"/>
      <line num="22" count="5" type="stmt"/>
      <line num="30" count="5" type="stmt"/>
      <line num="31" count="5" type="stmt"/>
      <line num="32" count="5" type="stmt"/>
      <line num="33" count="5" type="stmt"/>
      <line num="36" count="61" type="stmt"/>
      <line num="41" count="209" type="stmt"/>
      <line num="42" count="627" type="stmt"/>
      <line num="43" count="209" type="stmt"/>
      <line num="44" count="209" type="stmt"/>
      <line num="53" count="11" type="stmt"/>
      <line num="54" count="11" type="stmt"/>
      <line num="55" count="11" type="stmt"/>
      <line num="56" count="209" type="stmt"/>
      <line num="58" count="209" type="stmt"/>
      <line num="59" count="209" type="stmt"/>
      <line num="61" count="209" type="stmt"/>
      <line num="63" count="11" type="stmt"/>
      <line num="67" count="104" type="stmt"/>
      <line num="81" count="5" type="stmt"/>
      <line num="82" count="5" type="stmt"/>
      <line num="83" count="5" type="cond" truecount="2" falsecount="0"/>
      <line num="84" count="5" type="cond" truecount="2" falsecount="0"/>
      <line num="85" count="5" type="stmt"/>
      <line num="86" count="5" type="cond" truecount="4" falsecount="0"/>
      <line num="87" count="5" type="stmt"/>
      <line num="91" count="5" type="cond" truecount="2" falsecount="0"/>
      <line num="92" count="4" type="cond" truecount="2" falsecount="0"/>
      <line num="93" count="3" type="stmt"/>
      <line num="98" count="5" type="stmt"/>
      <line num="103" count="0" type="stmt"/>
      <line num="104" count="0" type="stmt"/>
    </file>
    <file name="management.ts" path="C:\Users\TEB283_WS\Desktop\AI Projektek\SushiTycoon\src\game\management.ts">
      <metrics statements="55" coveredstatements="49" conditionals="38" coveredconditionals="29" methods="18" coveredmethods="14"/>
      <line num="24" count="5" type="stmt"/>
      <line num="33" count="5" type="stmt"/>
      <line num="35" count="5" type="stmt"/>
      <line num="37" count="5" type="stmt"/>
      <line num="41" count="5" type="stmt"/>
      <line num="48" count="639" type="stmt"/>
      <line num="58" count="5" type="stmt"/>
      <line num="65" count="632" type="stmt"/>
      <line num="66" count="632" type="stmt"/>
      <line num="71" count="0" type="stmt"/>
      <line num="76" count="0" type="cond" truecount="0" falsecount="2"/>
      <line num="85" count="627" type="stmt"/>
      <line num="90" count="125" type="stmt"/>
      <line num="91" count="125" type="stmt"/>
      <line num="92" count="125" type="stmt"/>
      <line num="93" count="625" type="stmt"/>
      <line num="94" count="625" type="cond" truecount="2" falsecount="0"/>
      <line num="95" count="402" type="stmt"/>
      <line num="96" count="402" type="stmt"/>
      <line num="99" count="125" type="stmt"/>
      <line num="109" count="82" type="stmt"/>
      <line num="111" count="72" type="stmt"/>
      <line num="112" count="72" type="stmt"/>
      <line num="113" count="72" type="stmt"/>
      <line num="117" count="3" type="stmt"/>
      <line num="131" count="5" type="stmt"/>
      <line num="134" count="4" type="stmt"/>
      <line num="135" count="4" type="stmt"/>
      <line num="136" count="4" type="cond" truecount="5" falsecount="0"/>
      <line num="137" count="2" type="stmt"/>
      <line num="139" count="2" type="stmt"/>
      <line num="140" count="2" type="stmt"/>
      <line num="144" count="0" type="stmt"/>
      <line num="153" count="5" type="stmt"/>
      <line num="154" count="5" type="stmt"/>
      <line num="155" count="5" type="cond" truecount="5" falsecount="0"/>
      <line num="156" count="2" type="stmt"/>
      <line num="161" count="3" type="stmt"/>
      <line num="162" count="3" type="stmt"/>
      <line num="163" count="3" type="cond" truecount="6" falsecount="0"/>
      <line num="164" count="2" type="cond" truecount="1" falsecount="1"/>
      <line num="168" count="5" type="stmt"/>
      <line num="172" count="3" type="cond" truecount="2" falsecount="0"/>
      <line num="173" count="2" type="cond" truecount="2" falsecount="0"/>
      <line num="174" count="1" type="stmt"/>
      <line num="178" count="0" type="stmt"/>
      <line num="179" count="0" type="stmt"/>
      <line num="188" count="4" type="stmt"/>
      <line num="192" count="5" type="stmt"/>
      <line num="194" count="5" type="stmt"/>
      <line num="195" count="5" type="stmt"/>
      <line num="198" count="3" type="cond" truecount="2" falsecount="0"/>
      <line num="199" count="2" type="cond" truecount="1" falsecount="1"/>
      <line num="204" count="2" type="cond" truecount="1" falsecount="1"/>
      <line num="205" count="0" type="cond" truecount="0" falsecount="2"/>
    </file>
    <file name="math.ts" path="C:\Users\TEB283_WS\Desktop\AI Projektek\SushiTycoon\src\game\math.ts">
      <metrics statements="92" coveredstatements="52" conditionals="96" coveredconditionals="47" methods="20" coveredmethods="12"/>
      <line num="13" count="5" type="stmt"/>
      <line num="20" count="21" type="cond" truecount="2" falsecount="0"/>
      <line num="21" count="19" type="cond" truecount="2" falsecount="0"/>
      <line num="22" count="17" type="cond" truecount="6" falsecount="0"/>
      <line num="23" count="13" type="stmt"/>
      <line num="24" count="13" type="stmt"/>
      <line num="27" count="13" type="cond" truecount="4" falsecount="0"/>
      <line num="28" count="10" type="cond" truecount="4" falsecount="0"/>
      <line num="32" count="0" type="cond" truecount="0" falsecount="4"/>
      <line num="33" count="0" type="stmt"/>
      <line num="34" count="0" type="stmt"/>
      <line num="35" count="0" type="stmt"/>
      <line num="36" count="0" type="stmt"/>
      <line num="37" count="0" type="cond" truecount="0" falsecount="2"/>
      <line num="38" count="0" type="cond" truecount="0" falsecount="2"/>
      <line num="39" count="0" type="stmt"/>
      <line num="43" count="10" type="stmt"/>
      <line num="44" count="100" type="cond" truecount="2" falsecount="0"/>
      <line num="45" count="10" type="stmt"/>
      <line num="49" count="0" type="cond" truecount="0" falsecount="2"/>
      <line num="50" count="0" type="stmt"/>
      <line num="55" count="5" type="stmt"/>
      <line num="56" count="15" type="cond" truecount="1" falsecount="1"/>
      <line num="57" count="5" type="stmt"/>
      <line num="62" count="10" type="stmt"/>
      <line num="63" count="10" type="cond" truecount="0" falsecount="4"/>
      <line num="64" count="10" type="stmt"/>
      <line num="69" count="5" type="stmt"/>
      <line num="70" count="5" type="stmt"/>
      <line num="71" count="0" type="stmt"/>
      <line num="72" count="0" type="cond" truecount="0" falsecount="2"/>
      <line num="73" count="0" type="cond" truecount="0" falsecount="4"/>
      <line num="75" count="5" type="stmt"/>
      <line num="83" count="5" type="stmt"/>
      <line num="84" count="5" type="stmt"/>
      <line num="85" count="5" type="stmt"/>
      <line num="86" count="5" type="cond" truecount="1" falsecount="1"/>
      <line num="87" count="5" type="cond" truecount="2" falsecount="2"/>
      <line num="89" count="5" type="cond" truecount="1" falsecount="1"/>
      <line num="90" count="5" type="cond" truecount="1" falsecount="1"/>
      <line num="92" count="5" type="stmt"/>
      <line num="93" count="5" type="stmt"/>
      <line num="94" count="5" type="stmt"/>
      <line num="95" count="5" type="stmt"/>
      <line num="104" count="0" type="stmt"/>
      <line num="109" count="5" type="cond" truecount="1" falsecount="1"/>
      <line num="110" count="5" type="stmt"/>
      <line num="111" count="5" type="stmt"/>
      <line num="116" count="6" type="stmt"/>
      <line num="117" count="6" type="cond" truecount="4" falsecount="0"/>
      <line num="119" count="5" type="stmt"/>
      <line num="121" count="5" type="stmt"/>
      <line num="122" count="5" type="stmt"/>
      <line num="134" count="5" type="stmt"/>
      <line num="135" count="5" type="stmt"/>
      <line num="136" count="50" type="stmt"/>
      <line num="137" count="50" type="cond" truecount="4" falsecount="0"/>
      <line num="138" count="5" type="cond" truecount="4" falsecount="0"/>
      <line num="139" count="1" type="cond" truecount="1" falsecount="1"/>
      <line num="140" count="1" type="stmt"/>
      <line num="142" count="5" type="stmt"/>
      <line num="147" count="2" type="cond" truecount="1" falsecount="1"/>
      <line num="148" count="2" type="stmt"/>
      <line num="149" count="2" type="stmt"/>
      <line num="154" count="0" type="stmt"/>
      <line num="155" count="0" type="stmt"/>
      <line num="156" count="0" type="cond" truecount="0" falsecount="2"/>
      <line num="157" count="0" type="stmt"/>
      <line num="158" count="0" type="stmt"/>
      <line num="163" count="2" type="stmt"/>
      <line num="168" count="0" type="cond" truecount="0" falsecount="2"/>
      <line num="169" count="0" type="stmt"/>
      <line num="181" count="0" type="stmt"/>
      <line num="182" count="0" type="stmt"/>
      <line num="183" count="0" type="stmt"/>
      <line num="184" count="0" type="stmt"/>
      <line num="185" count="0" type="stmt"/>
      <line num="187" count="0" type="stmt"/>
      <line num="188" count="0" type="stmt"/>
      <line num="189" count="0" type="cond" truecount="0" falsecount="5"/>
      <line num="190" count="0" type="stmt"/>
      <line num="193" count="0" type="stmt"/>
      <line num="194" count="0" type="stmt"/>
      <line num="195" count="0" type="cond" truecount="0" falsecount="2"/>
      <line num="196" count="0" type="cond" truecount="0" falsecount="2"/>
      <line num="197" count="0" type="stmt"/>
      <line num="198" count="0" type="cond" truecount="0" falsecount="2"/>
      <line num="202" count="0" type="stmt"/>
      <line num="205" count="0" type="cond" truecount="0" falsecount="4"/>
      <line num="210" count="5" type="stmt"/>
      <line num="215" count="0" type="stmt"/>
      <line num="220" count="0" type="stmt"/>
    </file>
    <file name="michelin.ts" path="C:\Users\TEB283_WS\Desktop\AI Projektek\SushiTycoon\src\game\michelin.ts">
      <metrics statements="8" coveredstatements="8" conditionals="6" coveredconditionals="6" methods="3" coveredmethods="3"/>
      <line num="25" count="6" type="stmt"/>
      <line num="33" count="17" type="stmt"/>
      <line num="34" count="17" type="stmt"/>
      <line num="35" count="68" type="cond" truecount="4" falsecount="0"/>
      <line num="37" count="17" type="stmt"/>
      <line num="41" count="7" type="stmt"/>
      <line num="45" count="3" type="stmt"/>
      <line num="46" count="3" type="cond" truecount="2" falsecount="0"/>
    </file>
    <file name="monetization.ts" path="C:\Users\TEB283_WS\Desktop\AI Projektek\SushiTycoon\src\game\monetization.ts">
      <metrics statements="42" coveredstatements="0" conditionals="14" coveredconditionals="0" methods="15" coveredmethods="0"/>
      <line num="32" count="0" type="stmt"/>
      <line num="76" count="0" type="stmt"/>
      <line num="77" count="0" type="stmt"/>
      <line num="79" count="0" type="stmt"/>
      <line num="80" count="0" type="stmt"/>
      <line num="81" count="0" type="stmt"/>
      <line num="83" count="0" type="stmt"/>
      <line num="86" count="0" type="stmt"/>
      <line num="88" count="0" type="stmt"/>
      <line num="89" count="0" type="stmt"/>
      <line num="90" count="0" type="stmt"/>
      <line num="95" count="0" type="stmt"/>
      <line num="108" count="0" type="stmt"/>
      <line num="113" count="0" type="stmt"/>
      <line num="131" count="0" type="stmt"/>
      <line num="134" count="0" type="cond" truecount="0" falsecount="2"/>
      <line num="135" count="0" type="cond" truecount="0" falsecount="2"/>
      <line num="136" count="0" type="stmt"/>
      <line num="137" count="0" type="stmt"/>
      <line num="138" count="0" type="stmt"/>
      <line num="141" count="0" type="stmt"/>
      <line num="142" count="0" type="cond" truecount="0" falsecount="2"/>
      <line num="143" count="0" type="stmt"/>
      <line num="146" count="0" type="stmt"/>
      <line num="149" count="0" type="stmt"/>
      <line num="150" count="0" type="stmt"/>
      <line num="152" count="0" type="stmt"/>
      <line num="153" count="0" type="stmt"/>
      <line num="154" count="0" type="cond" truecount="0" falsecount="2"/>
      <line num="155" count="0" type="stmt"/>
      <line num="156" count="0" type="stmt"/>
      <line num="157" count="0" type="stmt"/>
      <line num="159" count="0" type="stmt"/>
      <line num="160" count="0" type="stmt"/>
      <line num="164" count="0" type="stmt"/>
      <line num="165" count="0" type="stmt"/>
      <line num="166" count="0" type="cond" truecount="0" falsecount="2"/>
      <line num="167" count="0" type="stmt"/>
      <line num="168" count="0" type="stmt"/>
      <line num="181" count="0" type="stmt"/>
      <line num="183" count="0" type="cond" truecount="0" falsecount="2"/>
      <line num="184" count="0" type="cond" truecount="0" falsecount="2"/>
    </file>
    <file name="perks.ts" path="C:\Users\TEB283_WS\Desktop\AI Projektek\SushiTycoon\src\game\perks.ts">
      <metrics statements="19" coveredstatements="3" conditionals="6" coveredconditionals="2" methods="17" coveredmethods="2"/>
      <line num="18" count="5" type="stmt"/>
      <line num="24" count="0" type="stmt"/>
      <line num="25" count="0" type="stmt"/>
      <line num="32" count="0" type="cond" truecount="0" falsecount="2"/>
      <line num="33" count="0" type="stmt"/>
      <line num="40" count="0" type="stmt"/>
      <line num="41" count="0" type="stmt"/>
      <line num="48" count="0" type="stmt"/>
      <line num="49" count="0" type="stmt"/>
      <line num="56" count="0" type="stmt"/>
      <line num="57" count="0" type="stmt"/>
      <line num="64" count="0" type="stmt"/>
      <line num="65" count="0" type="stmt"/>
      <line num="72" count="0" type="stmt"/>
      <line num="73" count="0" type="stmt"/>
      <line num="77" count="35" type="stmt"/>
      <line num="80" count="8" type="cond" truecount="2" falsecount="0"/>
      <line num="85" count="0" type="stmt"/>
      <line num="86" count="0" type="cond" truecount="0" falsecount="2"/>
    </file>
    <file name="quests.ts" path="C:\Users\TEB283_WS\Desktop\AI Projektek\SushiTycoon\src\game\quests.ts">
      <metrics statements="29" coveredstatements="6" conditionals="4" coveredconditionals="0" methods="35" coveredmethods="3"/>
      <line num="21" count="1" type="stmt"/>
      <line num="22" count="1" type="stmt"/>
      <line num="23" count="1" type="stmt"/>
      <line num="25" count="1" type="stmt"/>
      <line num="26" count="0" type="stmt"/>
      <line num="29" count="0" type="stmt"/>
      <line num="30" count="0" type="stmt"/>
      <line num="31" count="0" type="stmt"/>
      <line num="32" count="0" type="stmt"/>
      <line num="34" count="0" type="stmt"/>
      <line num="37" count="0" type="stmt"/>
      <line num="38" count="0" type="stmt"/>
      <line num="39" count="0" type="stmt"/>
      <line num="40" count="0" type="stmt"/>
      <line num="41" count="0" type="stmt"/>
      <line num="42" count="0" type="stmt"/>
      <line num="44" count="0" type="stmt"/>
      <line num="45" count="0" type="stmt"/>
      <line num="46" count="0" type="stmt"/>
      <line num="48" count="0" type="stmt"/>
      <line num="49" count="0" type="stmt"/>
      <line num="52" count="0" type="stmt"/>
      <line num="53" count="0" type="stmt"/>
      <line num="54" count="0" type="stmt"/>
      <line num="56" count="0" type="stmt"/>
      <line num="59" count="31" type="stmt"/>
      <line num="63" count="63" type="stmt"/>
      <line num="68" count="0" type="cond" truecount="0" falsecount="2"/>
      <line num="69" count="0" type="cond" truecount="0" falsecount="2"/>
    </file>
    <file name="settings.ts" path="C:\Users\TEB283_WS\Desktop\AI Projektek\SushiTycoon\src\game\settings.ts">
      <metrics statements="22" coveredstatements="0" conditionals="10" coveredconditionals="0" methods="5" coveredmethods="0"/>
      <line num="9" count="0" type="stmt"/>
      <line num="12" count="0" type="stmt"/>
      <line num="20" count="0" type="cond" truecount="0" falsecount="2"/>
      <line num="24" count="0" type="stmt"/>
      <line num="25" count="0" type="cond" truecount="0" falsecount="2"/>
      <line num="26" count="0" type="stmt"/>
      <line num="27" count="0" type="stmt"/>
      <line num="33" count="0" type="stmt"/>
      <line num="34" count="0" type="cond" truecount="0" falsecount="2"/>
      <line num="35" count="0" type="stmt"/>
      <line num="36" count="0" type="stmt"/>
      <line num="37" count="0" type="stmt"/>
      <line num="38" count="0" type="stmt"/>
      <line num="39" count="0" type="stmt"/>
      <line num="40" count="0" type="stmt"/>
      <line num="41" count="0" type="stmt"/>
      <line num="47" count="0" type="stmt"/>
      <line num="48" count="0" type="stmt"/>
      <line num="49" count="0" type="cond" truecount="0" falsecount="4"/>
      <line num="50" count="0" type="stmt"/>
      <line num="51" count="0" type="stmt"/>
      <line num="53" count="0" type="stmt"/>
    </file>
    <file name="shift.ts" path="C:\Users\TEB283_WS\Desktop\AI Projektek\SushiTycoon\src\game\shift.ts">
      <metrics statements="60" coveredstatements="53" conditionals="45" coveredconditionals="32" methods="17" coveredmethods="13"/>
      <line num="16" count="2" type="stmt"/>
      <line num="18" count="2" type="stmt"/>
      <line num="24" count="2" type="stmt"/>
      <line num="26" count="2" type="stmt"/>
      <line num="28" count="2" type="stmt"/>
      <line num="51" count="2" type="stmt"/>
      <line num="52" count="2" type="stmt"/>
      <line num="82" count="0" type="stmt"/>
      <line num="84" count="0" type="cond" truecount="0" falsecount="2"/>
      <line num="88" count="9" type="stmt"/>
      <line num="100" count="1" type="stmt"/>
      <line num="101" count="1" type="stmt"/>
      <line num="105" count="1" type="stmt"/>
      <line num="106" count="1" type="stmt"/>
      <line num="111" count="7" type="stmt"/>
      <line num="119" count="1" type="cond" truecount="1" falsecount="1"/>
      <line num="120" count="0" type="stmt"/>
      <line num="121" count="0" type="cond" truecount="0" falsecount="2"/>
      <line num="122" count="0" type="cond" truecount="0" falsecount="2"/>
      <line num="123" count="0" type="stmt"/>
      <line num="136" count="2" type="stmt"/>
      <line num="137" count="2" type="stmt"/>
      <line num="138" count="2" type="stmt"/>
      <line num="139" count="2" type="stmt"/>
      <line num="140" count="2" type="stmt"/>
      <line num="141" count="2" type="stmt"/>
      <line num="144" count="2" type="stmt"/>
      <line num="145" count="2" type="stmt"/>
      <line num="146" count="2" type="cond" truecount="2" falsecount="0"/>
      <line num="147" count="1" type="stmt"/>
      <line num="148" count="1" type="stmt"/>
      <line num="149" count="1" type="stmt"/>
      <line num="153" count="2" type="cond" truecount="4" falsecount="0"/>
      <line num="154" count="1" type="stmt"/>
      <line num="155" count="1" type="stmt"/>
      <line num="167" count="1" type="stmt"/>
      <line num="168" count="1" type="cond" truecount="1" falsecount="1"/>
      <line num="170" count="0" type="stmt"/>
      <line num="173" count="2" type="stmt"/>
      <line num="181" count="4" type="stmt"/>
      <line num="182" count="4" type="cond" truecount="2" falsecount="0"/>
      <line num="183" count="1" type="stmt"/>
      <line num="189" count="3" type="stmt"/>
      <line num="192" count="3" type="cond" truecount="2" falsecount="0"/>
      <line num="193" count="1" type="stmt"/>
      <line num="194" count="1" type="stmt"/>
      <line num="197" count="1" type="cond" truecount="1" falsecount="1"/>
      <line num="206" count="2" type="stmt"/>
      <line num="207" count="2" type="stmt"/>
      <line num="208" count="2" type="stmt"/>
      <line num="211" count="3" type="stmt"/>
      <line num="227" count="6" type="stmt"/>
      <line num="228" count="6" type="cond" truecount="2" falsecount="0"/>
      <line num="229" count="6" type="stmt"/>
      <line num="230" count="6" type="cond" truecount="2" falsecount="0"/>
      <line num="231" count="6" type="stmt"/>
      <line num="245" count="6" type="cond" truecount="4" falsecount="0"/>
      <line num="246" count="5" type="cond" truecount="3" falsecount="1"/>
      <line num="247" count="5" type="cond" truecount="2" falsecount="0"/>
      <line num="248" count="3" type="stmt"/>
    </file>
    <file name="store.ts" path="C:\Users\TEB283_WS\Desktop\AI Projektek\SushiTycoon\src\game\store.ts">
      <metrics statements="450" coveredstatements="115" conditionals="274" coveredconditionals="53" methods="53" coveredmethods="16"/>
      <line num="39" count="1" type="stmt"/>
      <line num="41" count="1" type="stmt"/>
      <line num="43" count="1" type="stmt"/>
      <line num="46" count="22" type="stmt"/>
      <line num="47" count="220" type="stmt"/>
      <line num="49" count="22" type="stmt"/>
      <line num="50" count="22" type="stmt"/>
      <line num="54" count="21" type="stmt"/>
      <line num="79" count="1" type="stmt"/>
      <line num="80" count="1" type="stmt"/>
      <line num="81" count="1" type="cond" truecount="1" falsecount="1"/>
      <line num="82" count="0" type="stmt"/>
      <line num="83" count="0" type="stmt"/>
      <line num="84" count="0" type="stmt"/>
      <line num="88" count="0" type="stmt"/>
      <line num="89" count="0" type="stmt"/>
      <line num="90" count="0" type="stmt"/>
      <line num="93" count="0" type="stmt"/>
      <line num="94" count="0" type="stmt"/>
      <line num="95" count="0" type="stmt"/>
      <line num="97" count="0" type="cond" truecount="0" falsecount="2"/>
      <line num="98" count="1" type="stmt"/>
      <line num="100" count="0" type="stmt"/>
      <line num="153" count="1" type="stmt"/>
      <line num="154" count="1" type="stmt"/>
      <line num="158" count="1" type="stmt"/>
      <line num="159" count="1" type="stmt"/>
      <line num="160" count="1" type="stmt"/>
      <line num="163" count="1" type="stmt"/>
      <line num="164" count="1" type="cond" truecount="1" falsecount="1"/>
      <line num="165" count="0" type="stmt"/>
      <line num="166" count="0" type="stmt"/>
      <line num="167" count="0" type="stmt"/>
      <line num="169" count="1" type="stmt"/>
      <line num="170" count="1" type="stmt"/>
      <line num="173" count="1" type="stmt"/>
      <line num="177" count="0" type="stmt"/>
      <line num="178" count="0" type="cond" truecount="0" falsecount="2"/>
      <line num="179" count="0" type="cond" truecount="0" falsecount="2"/>
      <line num="180" count="0" type="cond" truecount="0" falsecount="2"/>
      <line num="181" count="0" type="stmt"/>
      <line num="184" count="1" type="stmt"/>
      <line num="193" count="0" type="stmt"/>
      <line num="194" count="0" type="stmt"/>
      <line num="195" count="0" type="stmt"/>
      <line num="196" count="0" type="stmt"/>
      <line num="197" count="0" type="stmt"/>
      <line num="198" count="0" type="stmt"/>
      <line num="199" count="0" type="stmt"/>
      <line num="200" count="0" type="stmt"/>
      <line num="201" count="0" type="stmt"/>
      <line num="202" count="0" type="stmt"/>
      <line num="204" count="0" type="stmt"/>
      <line num="205" count="0" type="stmt"/>
      <line num="206" count="0" type="cond" truecount="0" falsecount="4"/>
      <line num="207" count="0" type="cond" truecount="0" falsecount="4"/>
      <line num="210" count="0" type="cond" truecount="0" falsecount="6"/>
      <line num="211" count="0" type="stmt"/>
      <line num="212" count="0" type="stmt"/>
      <line num="213" count="0" type="stmt"/>
      <line num="216" count="0" type="stmt"/>
      <line num="217" count="0" type="stmt"/>
      <line num="218" count="0" type="cond" truecount="0" falsecount="2"/>
      <line num="219" count="0" type="cond" truecount="0" falsecount="2"/>
      <line num="220" count="0" type="cond" truecount="0" falsecount="2"/>
      <line num="221" count="0" type="cond" truecount="0" falsecount="2"/>
      <line num="222" count="0" type="cond" truecount="0" falsecount="2"/>
      <line num="223" count="0" type="stmt"/>
      <line num="225" count="0" type="stmt"/>
      <line num="226" count="0" type="stmt"/>
      <line num="227" count="0" type="stmt"/>
      <line num="228" count="0" type="stmt"/>
      <line num="229" count="0" type="cond" truecount="0" falsecount="2"/>
      <line num="230" count="0" type="cond" truecount="0" falsecount="2"/>
      <line num="232" count="0" type="cond" truecount="0" falsecount="2"/>
      <line num="237" count="0" type="cond" truecount="0" falsecount="4"/>
      <line num="238" count="0" type="stmt"/>
      <line num="239" count="0" type="stmt"/>
      <line num="240" count="0" type="cond" truecount="0" falsecount="2"/>
      <line num="241" count="0" type="stmt"/>
      <line num="242" count="0" type="stmt"/>
      <line num="243" count="0" type="stmt"/>
      <line num="244" count="0" type="cond" truecount="0" falsecount="6"/>
      <line num="245" count="0" type="stmt"/>
      <line num="246" count="0" type="stmt"/>
      <line num="247" count="0" type="stmt"/>
      <line num="252" count="0" type="stmt"/>
      <line num="253" count="0" type="cond" truecount="0" falsecount="2"/>
      <line num="254" count="0" type="stmt"/>
      <line num="255" count="0" type="cond" truecount="0" falsecount="2"/>
      <line num="256" count="0" type="cond" truecount="0" falsecount="2"/>
      <line num="257" count="0" type="stmt"/>
      <line num="262" count="0" type="cond" truecount="0" falsecount="2"/>
      <line num="265" count="0" type="stmt"/>
      <line num="266" count="0" type="stmt"/>
      <line num="267" count="0" type="stmt"/>
      <line num="268" count="0" type="cond" truecount="0" falsecount="4"/>
      <line num="269" count="0" type="stmt"/>
      <line num="270" count="0" type="stmt"/>
      <line num="271" count="0" type="cond" truecount="0" falsecount="4"/>
      <line num="272" count="0" type="stmt"/>
      <line num="273" count="0" type="cond" truecount="0" falsecount="2"/>
      <line num="274" count="0" type="cond" truecount="0" falsecount="2"/>
      <line num="275" count="0" type="stmt"/>
      <line num="276" count="0" type="stmt"/>
      <line num="277" count="0" type="stmt"/>
      <line num="279" count="0" type="stmt"/>
      <line num="284" count="0" type="stmt"/>
      <line num="288" count="0" type="stmt"/>
      <line num="292" count="0" type="stmt"/>
      <line num="296" count="0" type="stmt"/>
      <line num="302" count="0" type="stmt"/>
      <line num="303" count="0" type="cond" truecount="0" falsecount="2"/>
      <line num="304" count="0" type="stmt"/>
      <line num="305" count="0" type="stmt"/>
      <line num="309" count="0" type="stmt"/>
      <line num="312" count="2" type="stmt"/>
      <line num="313" count="2" type="stmt"/>
      <line num="314" count="2" type="stmt"/>
      <line num="315" count="2" type="cond" truecount="1" falsecount="1"/>
      <line num="316" count="2" type="cond" truecount="1" falsecount="1"/>
      <line num="317" count="2" type="stmt"/>
      <line num="318" count="2" type="cond" truecount="2" falsecount="0"/>
      <line num="319" count="1" type="stmt"/>
      <line num="320" count="1" type="stmt"/>
      <line num="323" count="1" type="cond" truecount="3" falsecount="1"/>
      <line num="326" count="2" type="stmt"/>
      <line num="327" count="2" type="stmt"/>
      <line num="328" count="2" type="cond" truecount="2" falsecount="0"/>
      <line num="329" count="1" type="stmt"/>
      <line num="330" count="1" type="stmt"/>
      <line num="335" count="2" type="stmt"/>
      <line num="336" count="2" type="stmt"/>
      <line num="337" count="2" type="stmt"/>
      <line num="338" count="2" type="stmt"/>
      <line num="339" count="2" type="cond" truecount="5" falsecount="0"/>
      <line num="340" count="1" type="stmt"/>
      <line num="348" count="1" type="stmt"/>
      <line num="349" count="1" type="stmt"/>
      <line num="350" count="1" type="stmt"/>
      <line num="351" count="1" type="stmt"/>
      <line num="359" count="4" type="stmt"/>
      <line num="360" count="4" type="stmt"/>
      <line num="361" count="4" type="cond" truecount="6" falsecount="0"/>
      <line num="362" count="2" type="stmt"/>
      <line num="363" count="2" type="stmt"/>
      <line num="373" count="0" type="stmt"/>
      <line num="374" count="0" type="stmt"/>
      <line num="375" count="0" type="cond" truecount="0" falsecount="5"/>
      <line num="376" count="0" type="stmt"/>
      <line num="384" count="0" type="stmt"/>
      <line num="385" count="0" type="stmt"/>
      <line num="386" count="0" type="stmt"/>
      <line num="390" count="0" type="stmt"/>
      <line num="391" count="0" type="stmt"/>
      <line num="392" count="0" type="cond" truecount="0" falsecount="2"/>
      <line num="393" count="0" type="cond" truecount="0" falsecount="2"/>
      <line num="394" count="0" type="stmt"/>
      <line num="395" count="0" type="cond" truecount="0" falsecount="4"/>
      <line num="397" count="0" type="stmt"/>
      <line num="403" count="0" type="cond" truecount="0" falsecount="2"/>
      <line num="404" count="0" type="stmt"/>
      <line num="405" count="0" type="stmt"/>
      <line num="406" count="0" type="stmt"/>
      <line num="407" count="0" type="stmt"/>
      <line num="408" count="0" type="stmt"/>
      <line num="410" count="0" type="stmt"/>
      <line num="411" count="0" type="stmt"/>
      <line num="418" count="0" type="stmt"/>
      <line num="421" count="0" type="stmt"/>
      <line num="422" count="0" type="stmt"/>
      <line num="423" count="0" type="stmt"/>
      <line num="427" count="0" type="stmt"/>
      <line num="428" count="0" type="cond" truecount="0" falsecount="4"/>
      <line num="429" count="0" type="cond" truecount="0" falsecount="2"/>
      <line num="430" count="0" type="stmt"/>
      <line num="442" count="0" type="stmt"/>
      <line num="443" count="0" type="stmt"/>
      <line num="444" count="0" type="stmt"/>
      <line num="448" count="0" type="stmt"/>
      <line num="449" count="0" type="stmt"/>
      <line num="450" count="0" type="cond" truecount="0" falsecount="2"/>
      <line num="451" count="0" type="stmt"/>
      <line num="452" count="0" type="cond" truecount="0" falsecount="4"/>
      <line num="453" count="0" type="stmt"/>
      <line num="454" count="0" type="stmt"/>
      <line num="457" count="0" type="stmt"/>
      <line num="458" count="0" type="stmt"/>
      <line num="459" count="0" type="stmt"/>
      <line num="463" count="0" type="stmt"/>
      <line num="464" count="0" type="cond" truecount="0" falsecount="2"/>
      <line num="465" count="0" type="cond" truecount="0" falsecount="2"/>
      <line num="468" count="0" type="stmt"/>
      <line num="469" count="0" type="stmt"/>
      <line num="470" count="0" type="cond" truecount="0" falsecount="2"/>
      <line num="472" count="0" type="stmt"/>
      <line num="483" count="0" type="stmt"/>
      <line num="484" count="0" type="stmt"/>
      <line num="489" count="0" type="stmt"/>
      <line num="490" count="0" type="stmt"/>
      <line num="491" count="0" type="cond" truecount="0" falsecount="4"/>
      <line num="492" count="0" type="stmt"/>
      <line num="493" count="0" type="stmt"/>
      <line num="494" count="0" type="stmt"/>
      <line num="495" count="0" type="stmt"/>
      <line num="500" count="0" type="stmt"/>
      <line num="501" count="0" type="stmt"/>
      <line num="502" count="0" type="cond" truecount="0" falsecount="2"/>
      <line num="503" count="0" type="stmt"/>
      <line num="504" count="0" type="stmt"/>
      <line num="505" count="0" type="cond" truecount="0" falsecount="4"/>
      <line num="507" count="0" type="stmt"/>
      <line num="508" count="0" type="stmt"/>
      <line num="510" count="0" type="cond" truecount="0" falsecount="4"/>
      <line num="511" count="0" type="stmt"/>
      <line num="512" count="0" type="stmt"/>
      <line num="513" count="0" type="stmt"/>
      <line num="514" count="0" type="cond" truecount="0" falsecount="2"/>
      <line num="515" count="0" type="stmt"/>
      <line num="517" count="0" type="stmt"/>
      <line num="522" count="0" type="stmt"/>
      <line num="523" count="0" type="cond" truecount="0" falsecount="2"/>
      <line num="524" count="0" type="cond" truecount="0" falsecount="2"/>
      <line num="525" count="0" type="stmt"/>
      <line num="526" count="0" type="stmt"/>
      <line num="527" count="0" type="stmt"/>
      <line num="529" count="0" type="cond" truecount="0" falsecount="2"/>
      <line num="530" count="0" type="stmt"/>
      <line num="531" count="0" type="stmt"/>
      <line num="533" count="0" type="stmt"/>
      <line num="534" count="0" type="stmt"/>
      <line num="538" count="0" type="stmt"/>
      <line num="539" count="0" type="stmt"/>
      <line num="540" count="0" type="cond" truecount="0" falsecount="2"/>
      <line num="541" count="0" type="stmt"/>
      <line num="542" count="0" type="cond" truecount="0" falsecount="2"/>
      <line num="543" count="0" type="stmt"/>
      <line num="544" count="0" type="stmt"/>
      <line num="546" count="0" type="stmt"/>
      <line num="547" count="0" type="stmt"/>
      <line num="554" count="0" type="stmt"/>
      <line num="555" count="0" type="stmt"/>
      <line num="559" count="0" type="stmt"/>
      <line num="560" count="0" type="stmt"/>
      <line num="561" count="0" type="cond" truecount="0" falsecount="4"/>
      <line num="562" count="0" type="stmt"/>
      <line num="563" count="0" type="stmt"/>
      <line num="564" count="0" type="stmt"/>
      <line num="565" count="0" type="stmt"/>
      <line num="569" count="2" type="stmt"/>
      <line num="570" count="2" type="cond" truecount="5" falsecount="0"/>
      <line num="571" count="1" type="stmt"/>
      <line num="572" count="1" type="stmt"/>
      <line num="573" count="1" type="stmt"/>
      <line num="574" count="1" type="stmt"/>
      <line num="575" count="1" type="stmt"/>
      <line num="579" count="0" type="stmt"/>
      <line num="580" count="0" type="stmt"/>
      <line num="581" count="0" type="cond" truecount="0" falsecount="2"/>
      <line num="582" count="0" type="stmt"/>
      <line num="583" count="0" type="stmt"/>
      <line num="585" count="0" type="stmt"/>
      <line num="586" count="0" type="stmt"/>
      <line num="593" count="0" type="stmt"/>
      <line num="594" count="0" type="stmt"/>
      <line num="598" count="0" type="stmt"/>
      <line num="599" count="0" type="cond" truecount="0" falsecount="2"/>
      <line num="600" count="0" type="stmt"/>
      <line num="601" count="0" type="cond" truecount="0" falsecount="2"/>
      <line num="602" count="0" type="stmt"/>
      <line num="603" count="0" type="stmt"/>
      <line num="604" count="0" type="stmt"/>
      <line num="605" count="0" type="stmt"/>
      <line num="609" count="3" type="stmt"/>
      <line num="610" count="3" type="cond" truecount="1" falsecount="1"/>
      <line num="613" count="3" type="stmt"/>
      <line num="616" count="3" type="stmt"/>
      <line num="617" count="3" type="stmt"/>
      <line num="618" count="3" type="stmt"/>
      <line num="619" count="3" type="stmt"/>
      <line num="639" count="3" type="stmt"/>
      <line num="640" count="3" type="stmt"/>
      <line num="641" count="3" type="cond" truecount="2" falsecount="0"/>
      <line num="642" count="1" type="stmt"/>
      <line num="644" count="3" type="cond" truecount="4" falsecount="0"/>
      <line num="645" count="1" type="stmt"/>
      <line num="650" count="0" type="stmt"/>
      <line num="651" count="0" type="stmt"/>
      <line num="656" count="0" type="stmt"/>
      <line num="657" count="0" type="stmt"/>
      <line num="658" count="0" type="stmt"/>
      <line num="662" count="0" type="stmt"/>
      <line num="663" count="0" type="cond" truecount="0" falsecount="2"/>
      <line num="664" count="0" type="stmt"/>
      <line num="665" count="0" type="stmt"/>
      <line num="667" count="0" type="stmt"/>
      <line num="668" count="0" type="stmt"/>
      <line num="669" count="0" type="stmt"/>
      <line num="673" count="0" type="stmt"/>
      <line num="674" count="0" type="stmt"/>
      <line num="675" count="0" type="cond" truecount="0" falsecount="2"/>
      <line num="676" count="0" type="stmt"/>
      <line num="677" count="0" type="stmt"/>
      <line num="679" count="0" type="stmt"/>
      <line num="680" count="0" type="cond" truecount="0" falsecount="2"/>
      <line num="681" count="0" type="stmt"/>
      <line num="682" count="0" type="stmt"/>
      <line num="683" count="0" type="stmt"/>
      <line num="684" count="0" type="stmt"/>
      <line num="685" count="0" type="stmt"/>
      <line num="687" count="0" type="cond" truecount="0" falsecount="2"/>
      <line num="688" count="0" type="stmt"/>
      <line num="692" count="0" type="stmt"/>
      <line num="694" count="0" type="stmt"/>
      <line num="695" count="0" type="stmt"/>
      <line num="696" count="0" type="stmt"/>
      <line num="700" count="0" type="stmt"/>
      <line num="701" count="0" type="stmt"/>
      <line num="702" count="0" type="stmt"/>
      <line num="712" count="0" type="stmt"/>
      <line num="713" count="0" type="stmt"/>
      <line num="714" count="0" type="stmt"/>
      <line num="718" count="2" type="stmt"/>
      <line num="719" count="2" type="stmt"/>
      <line num="720" count="2" type="cond" truecount="2" falsecount="0"/>
      <line num="722" count="1" type="stmt"/>
      <line num="724" count="1" type="stmt"/>
      <line num="725" count="1" type="cond" truecount="1" falsecount="1"/>
      <line num="726" count="0" type="stmt"/>
      <line num="729" count="1" type="stmt"/>
      <line num="750" count="1" type="stmt"/>
      <line num="751" count="1" type="stmt"/>
      <line num="752" count="1" type="stmt"/>
      <line num="756" count="0" type="stmt"/>
      <line num="757" count="0" type="stmt"/>
      <line num="758" count="0" type="cond" truecount="0" falsecount="2"/>
      <line num="759" count="0" type="stmt"/>
      <line num="760" count="0" type="cond" truecount="0" falsecount="2"/>
      <line num="761" count="0" type="stmt"/>
      <line num="764" count="0" type="stmt"/>
      <line num="765" count="0" type="stmt"/>
      <line num="766" count="0" type="stmt"/>
      <line num="767" count="0" type="stmt"/>
      <line num="776" count="0" type="stmt"/>
      <line num="777" count="0" type="stmt"/>
      <line num="778" count="0" type="stmt"/>
      <line num="782" count="3" type="stmt"/>
      <line num="783" count="3" type="stmt"/>
      <line num="784" count="3" type="cond" truecount="1" falsecount="1"/>
      <line num="785" count="3" type="cond" truecount="1" falsecount="1"/>
      <line num="786" count="3" type="cond" truecount="1" falsecount="1"/>
      <line num="787" count="0" type="stmt"/>
      <line num="788" count="0" type="stmt"/>
      <line num="789" count="0" type="stmt"/>
      <line num="791" count="3" type="cond" truecount="1" falsecount="1"/>
      <line num="792" count="3" type="cond" truecount="1" falsecount="1"/>
      <line num="793" count="3" type="cond" truecount="2" falsecount="0"/>
      <line num="794" count="3" type="cond" truecount="2" falsecount="0"/>
      <line num="795" count="2" type="stmt"/>
      <line num="796" count="2" type="stmt"/>
      <line num="797" count="2" type="stmt"/>
      <line num="798" count="2" type="stmt"/>
      <line num="799" count="2" type="stmt"/>
      <line num="801" count="3" type="stmt"/>
      <line num="802" count="3" type="stmt"/>
      <line num="803" count="3" type="stmt"/>
      <line num="807" count="5" type="stmt"/>
      <line num="808" count="5" type="cond" truecount="0" falsecount="2"/>
      <line num="814" count="4" type="stmt"/>
      <line num="815" count="4" type="cond" truecount="2" falsecount="0"/>
      <line num="819" count="1" type="stmt"/>
      <line num="820" count="1" type="stmt"/>
      <line num="824" count="20" type="stmt"/>
      <line num="825" count="20" type="stmt"/>
      <line num="834" count="0" type="stmt"/>
      <line num="835" count="0" type="stmt"/>
      <line num="836" count="0" type="stmt"/>
      <line num="837" count="0" type="stmt"/>
      <line num="852" count="0" type="cond" truecount="0" falsecount="2"/>
      <line num="853" count="0" type="stmt"/>
      <line num="854" count="0" type="cond" truecount="0" falsecount="2"/>
      <line num="855" count="0" type="stmt"/>
      <line num="856" count="0" type="stmt"/>
      <line num="857" count="0" type="stmt"/>
      <line num="858" count="0" type="cond" truecount="0" falsecount="2"/>
      <line num="860" count="0" type="stmt"/>
      <line num="861" count="0" type="stmt"/>
      <line num="865" count="0" type="stmt"/>
      <line num="866" count="0" type="stmt"/>
      <line num="867" count="0" type="cond" truecount="0" falsecount="4"/>
      <line num="868" count="0" type="stmt"/>
      <line num="869" count="0" type="stmt"/>
      <line num="870" count="0" type="stmt"/>
      <line num="871" count="0" type="stmt"/>
      <line num="872" count="0" type="stmt"/>
      <line num="873" count="0" type="stmt"/>
      <line num="878" count="0" type="stmt"/>
      <line num="879" count="0" type="cond" truecount="0" falsecount="2"/>
      <line num="880" count="0" type="stmt"/>
      <line num="881" count="0" type="stmt"/>
      <line num="882" count="0" type="stmt"/>
      <line num="883" count="0" type="stmt"/>
      <line num="888" count="0" type="stmt"/>
      <line num="889" count="0" type="cond" truecount="0" falsecount="2"/>
      <line num="890" count="0" type="stmt"/>
      <line num="891" count="0" type="stmt"/>
      <line num="892" count="0" type="stmt"/>
      <line num="893" count="0" type="stmt"/>
      <line num="894" count="0" type="stmt"/>
      <line num="895" count="0" type="stmt"/>
      <line num="896" count="0" type="cond" truecount="0" falsecount="2"/>
      <line num="897" count="0" type="stmt"/>
      <line num="898" count="0" type="stmt"/>
      <line num="899" count="0" type="stmt"/>
      <line num="901" count="0" type="cond" truecount="0" falsecount="2"/>
      <line num="906" count="0" type="cond" truecount="0" falsecount="2"/>
      <line num="907" count="0" type="stmt"/>
      <line num="908" count="0" type="stmt"/>
      <line num="912" count="0" type="stmt"/>
      <line num="913" count="0" type="stmt"/>
      <line num="914" count="0" type="cond" truecount="0" falsecount="4"/>
      <line num="915" count="0" type="stmt"/>
      <line num="916" count="0" type="stmt"/>
      <line num="917" count="0" type="stmt"/>
      <line num="918" count="0" type="stmt"/>
      <line num="919" count="0" type="cond" truecount="0" falsecount="2"/>
      <line num="921" count="0" type="cond" truecount="0" falsecount="2"/>
      <line num="922" count="0" type="cond" truecount="0" falsecount="2"/>
      <line num="923" count="0" type="stmt"/>
      <line num="924" count="0" type="stmt"/>
      <line num="925" count="0" type="stmt"/>
      <line num="926" count="0" type="stmt"/>
      <line num="928" count="0" type="cond" truecount="0" falsecount="4"/>
      <line num="929" count="0" type="stmt"/>
      <line num="930" count="0" type="stmt"/>
      <line num="934" count="0" type="stmt"/>
      <line num="935" count="0" type="cond" truecount="0" falsecount="4"/>
      <line num="936" count="0" type="stmt"/>
      <line num="937" count="0" type="stmt"/>
      <line num="938" count="0" type="stmt"/>
      <line num="939" count="0" type="stmt"/>
      <line num="942" count="0" type="cond" truecount="0" falsecount="2"/>
      <line num="947" count="0" type="stmt"/>
      <line num="952" count="1" type="cond" truecount="1" falsecount="1"/>
      <line num="953" count="1" type="stmt"/>
      <line num="954" count="1" type="stmt"/>
      <line num="955" count="1" type="stmt"/>
      <line num="956" count="1" type="stmt"/>
      <line num="957" count="1" type="stmt"/>
      <line num="958" count="1" type="stmt"/>
    </file>
    <file name="types.ts" path="C:\Users\TEB283_WS\Desktop\AI Projektek\SushiTycoon\src\game\types.ts">
      <metrics statements="0" coveredstatements="0" conditionals="0" coveredconditionals="0" methods="0" coveredmethods="0"/>
    </file>
    <file name="upgrades.ts" path="C:\Users\TEB283_WS\Desktop\AI Projektek\SushiTycoon\src\game\upgrades.ts">
      <metrics statements="6" coveredstatements="6" conditionals="0" coveredconditionals="0" methods="3" coveredmethods="3"/>
      <line num="23" count="5" type="stmt"/>
      <line num="31" count="5" type="stmt"/>
      <line num="32" count="200" type="stmt"/>
      <line num="48" count="5" type="stmt"/>
      <line num="57" count="5" type="stmt"/>
      <line num="58" count="230" type="stmt"/>
    </file>
  </project>
</coverage>
