{"C:\\Users\\TEB283_WS\\Desktop\\AI Projektek\\SushiTycoon\\src\\game\\abilities.ts": {"path":"C:\\Users\\TEB283_WS\\Desktop\\AI Projektek\\SushiTycoon\\src\\game\\abilities.ts","statementMap":{"0":{"start":{"line":25,"column":39},"end":{"line":86,"column":null}},"1":{"start":{"line":88,"column":34},"end":{"line":90,"column":null}},"2":{"start":{"line":89,"column":23},"end":{"line":89,"column":39}}},"fnMap":{"0":{"name":"(anonymous_0)","decl":{"start":{"line":89,"column":12},"end":{"line":89,"column":17}},"loc":{"start":{"line":89,"column":23},"end":{"line":89,"column":39}},"line":89}},"branchMap":{},"s":{"0":1,"1":1,"2":6},"f":{"0":6},"b":{},"meta":{"lastBranch":0,"lastFunction":1,"lastStatement":3,"seen":{"s:25:39:86:Infinity":0,"s:88:34:90:Infinity":1,"f:89:12:89:17":0,"s:89:23:89:39":2},"fnNames":{}}}
,"C:\\Users\\TEB283_WS\\Desktop\\AI Projektek\\SushiTycoon\\src\\game\\achievements.ts": {"path":"C:\\Users\\TEB283_WS\\Desktop\\AI Projektek\\SushiTycoon\\src\\game\\achievements.ts","statementMap":{"0":{"start":{"line":19,"column":33},"end":{"line":19,"column":null}},"1":{"start":{"line":21,"column":46},"end":{"line":55,"column":null}},"2":{"start":{"line":22,"column":85},"end":{"line":22,"column":105}},"3":{"start":{"line":23,"column":85},"end":{"line":23,"column":106}},"4":{"start":{"line":24,"column":88},"end":{"line":24,"column":115}},"5":{"start":{"line":25,"column":87},"end":{"line":25,"column":148}},"6":{"start":{"line":25,"column":110},"end":{"line":25,"column":134}},"7":{"start":{"line":26,"column":102},"end":{"line":26,"column":150}},"8":{"start":{"line":26,"column":124},"end":{"line":26,"column":148}},"9":{"start":{"line":27,"column":96},"end":{"line":27,"column":159}},"10":{"start":{"line":27,"column":119},"end":{"line":27,"column":145}},"11":{"start":{"line":28,"column":97},"end":{"line":28,"column":147}},"12":{"start":{"line":28,"column":119},"end":{"line":28,"column":145}},"13":{"start":{"line":29,"column":97},"end":{"line":29,"column":149}},"14":{"start":{"line":29,"column":118},"end":{"line":29,"column":147}},"15":{"start":{"line":30,"column":93},"end":{"line":30,"column":145}},"16":{"start":{"line":30,"column":114},"end":{"line":30,"column":143}},"17":{"start":{"line":31,"column":81},"end":{"line":31,"column":104}},"18":{"start":{"line":32,"column":88},"end":{"line":32,"column":112}},"19":{"start":{"line":33,"column":85},"end":{"line":33,"column":108}},"20":{"start":{"line":34,"column":86},"end":{"line":34,"column":110}},"21":{"start":{"line":35,"column":92},"end":{"line":35,"column":120}},"22":{"start":{"line":36,"column":92},"end":{"line":36,"column":120}},"23":{"start":{"line":37,"column":88},"end":{"line":37,"column":112}},"24":{"start":{"line":38,"column":95},"end":{"line":38,"column":118}},"25":{"start":{"line":39,"column":91},"end":{"line":39,"column":121}},"26":{"start":{"line":40,"column":95},"end":{"line":40,"column":157}},"27":{"start":{"line":40,"column":132},"end":{"line":40,"column":143}},"28":{"start":{"line":41,"column":91},"end":{"line":41,"column":153}},"29":{"start":{"line":41,"column":128},"end":{"line":41,"column":139}},"30":{"start":{"line":42,"column":99},"end":{"line":42,"column":148}},"31":{"start":{"line":42,"column":134},"end":{"line":42,"column":146}},"32":{"start":{"line":43,"column":91},"end":{"line":43,"column":110}},"33":{"start":{"line":44,"column":91},"end":{"line":44,"column":110}},"34":{"start":{"line":45,"column":100},"end":{"line":45,"column":124}},"35":{"start":{"line":46,"column":95},"end":{"line":46,"column":121}},"36":{"start":{"line":47,"column":89},"end":{"line":47,"column":116}},"37":{"start":{"line":48,"column":102},"end":{"line":48,"column":133}},"38":{"start":{"line":49,"column":101},"end":{"line":49,"column":119}},"39":{"start":{"line":50,"column":87},"end":{"line":50,"column":129}},"40":{"start":{"line":50,"column":122},"end":{"line":50,"column":127}},"41":{"start":{"line":51,"column":87},"end":{"line":51,"column":106}},"42":{"start":{"line":52,"column":110},"end":{"line":52,"column":133}},"43":{"start":{"line":53,"column":115},"end":{"line":53,"column":138}},"44":{"start":{"line":54,"column":108},"end":{"line":54,"column":175}},"45":{"start":{"line":57,"column":33},"end":{"line":59,"column":null}},"46":{"start":{"line":58,"column":26},"end":{"line":58,"column":35}}},"fnMap":{"0":{"name":"(anonymous_0)","decl":{"start":{"line":22,"column":72},"end":{"line":22,"column":79}},"loc":{"start":{"line":22,"column":85},"end":{"line":22,"column":105}},"line":22},"1":{"name":"(anonymous_1)","decl":{"start":{"line":23,"column":72},"end":{"line":23,"column":79}},"loc":{"start":{"line":23,"column":85},"end":{"line":23,"column":106}},"line":23},"2":{"name":"(anonymous_2)","decl":{"start":{"line":24,"column":75},"end":{"line":24,"column":82}},"loc":{"start":{"line":24,"column":88},"end":{"line":24,"column":115}},"line":24},"3":{"name":"(anonymous_3)","decl":{"start":{"line":25,"column":74},"end":{"line":25,"column":81}},"loc":{"start":{"line":25,"column":87},"end":{"line":25,"column":148}},"line":25},"4":{"name":"(anonymous_4)","decl":{"start":{"line":25,"column":96},"end":{"line":25,"column":104}},"loc":{"start":{"line":25,"column":110},"end":{"line":25,"column":134}},"line":25},"5":{"name":"(anonymous_5)","decl":{"start":{"line":26,"column":89},"end":{"line":26,"column":96}},"loc":{"start":{"line":26,"column":102},"end":{"line":26,"column":150}},"line":26},"6":{"name":"(anonymous_6)","decl":{"start":{"line":26,"column":111},"end":{"line":26,"column":118}},"loc":{"start":{"line":26,"column":124},"end":{"line":26,"column":148}},"line":26},"7":{"name":"(anonymous_7)","decl":{"start":{"line":27,"column":83},"end":{"line":27,"column":90}},"loc":{"start":{"line":27,"column":96},"end":{"line":27,"column":159}},"line":27},"8":{"name":"(anonymous_8)","decl":{"start":{"line":27,"column":105},"end":{"line":27,"column":113}},"loc":{"start":{"line":27,"column":119},"end":{"line":27,"column":145}},"line":27},"9":{"name":"(anonymous_9)","decl":{"start":{"line":28,"column":84},"end":{"line":28,"column":91}},"loc":{"start":{"line":28,"column":97},"end":{"line":28,"column":147}},"line":28},"10":{"name":"(anonymous_10)","decl":{"start":{"line":28,"column":106},"end":{"line":28,"column":113}},"loc":{"start":{"line":28,"column":119},"end":{"line":28,"column":145}},"line":28},"11":{"name":"(anonymous_11)","decl":{"start":{"line":29,"column":84},"end":{"line":29,"column":91}},"loc":{"start":{"line":29,"column":97},"end":{"line":29,"column":149}},"line":29},"12":{"name":"(anonymous_12)","decl":{"start":{"line":29,"column":106},"end":{"line":29,"column":112}},"loc":{"start":{"line":29,"column":118},"end":{"line":29,"column":147}},"line":29},"13":{"name":"(anonymous_13)","decl":{"start":{"line":30,"column":80},"end":{"line":30,"column":87}},"loc":{"start":{"line":30,"column":93},"end":{"line":30,"column":145}},"line":30},"14":{"name":"(anonymous_14)","decl":{"start":{"line":30,"column":102},"end":{"line":30,"column":108}},"loc":{"start":{"line":30,"column":114},"end":{"line":30,"column":143}},"line":30},"15":{"name":"(anonymous_15)","decl":{"start":{"line":31,"column":68},"end":{"line":31,"column":75}},"loc":{"start":{"line":31,"column":81},"end":{"line":31,"column":104}},"line":31},"16":{"name":"(anonymous_16)","decl":{"start":{"line":32,"column":75},"end":{"line":32,"column":82}},"loc":{"start":{"line":32,"column":88},"end":{"line":32,"column":112}},"line":32},"17":{"name":"(anonymous_17)","decl":{"start":{"line":33,"column":72},"end":{"line":33,"column":79}},"loc":{"start":{"line":33,"column":85},"end":{"line":33,"column":108}},"line":33},"18":{"name":"(anonymous_18)","decl":{"start":{"line":34,"column":73},"end":{"line":34,"column":80}},"loc":{"start":{"line":34,"column":86},"end":{"line":34,"column":110}},"line":34},"19":{"name":"(anonymous_19)","decl":{"start":{"line":35,"column":79},"end":{"line":35,"column":86}},"loc":{"start":{"line":35,"column":92},"end":{"line":35,"column":120}},"line":35},"20":{"name":"(anonymous_20)","decl":{"start":{"line":36,"column":79},"end":{"line":36,"column":86}},"loc":{"start":{"line":36,"column":92},"end":{"line":36,"column":120}},"line":36},"21":{"name":"(anonymous_21)","decl":{"start":{"line":37,"column":75},"end":{"line":37,"column":82}},"loc":{"start":{"line":37,"column":88},"end":{"line":37,"column":112}},"line":37},"22":{"name":"(anonymous_22)","decl":{"start":{"line":38,"column":82},"end":{"line":38,"column":89}},"loc":{"start":{"line":38,"column":95},"end":{"line":38,"column":118}},"line":38},"23":{"name":"(anonymous_23)","decl":{"start":{"line":39,"column":78},"end":{"line":39,"column":85}},"loc":{"start":{"line":39,"column":91},"end":{"line":39,"column":121}},"line":39},"24":{"name":"(anonymous_24)","decl":{"start":{"line":40,"column":82},"end":{"line":40,"column":89}},"loc":{"start":{"line":40,"column":95},"end":{"line":40,"column":157}},"line":40},"25":{"name":"(anonymous_25)","decl":{"start":{"line":40,"column":118},"end":{"line":40,"column":126}},"loc":{"start":{"line":40,"column":132},"end":{"line":40,"column":143}},"line":40},"26":{"name":"(anonymous_26)","decl":{"start":{"line":41,"column":78},"end":{"line":41,"column":85}},"loc":{"start":{"line":41,"column":91},"end":{"line":41,"column":153}},"line":41},"27":{"name":"(anonymous_27)","decl":{"start":{"line":41,"column":114},"end":{"line":41,"column":122}},"loc":{"start":{"line":41,"column":128},"end":{"line":41,"column":139}},"line":41},"28":{"name":"(anonymous_28)","decl":{"start":{"line":42,"column":86},"end":{"line":42,"column":93}},"loc":{"start":{"line":42,"column":99},"end":{"line":42,"column":148}},"line":42},"29":{"name":"(anonymous_29)","decl":{"start":{"line":42,"column":122},"end":{"line":42,"column":128}},"loc":{"start":{"line":42,"column":134},"end":{"line":42,"column":146}},"line":42},"30":{"name":"(anonymous_30)","decl":{"start":{"line":43,"column":78},"end":{"line":43,"column":85}},"loc":{"start":{"line":43,"column":91},"end":{"line":43,"column":110}},"line":43},"31":{"name":"(anonymous_31)","decl":{"start":{"line":44,"column":78},"end":{"line":44,"column":85}},"loc":{"start":{"line":44,"column":91},"end":{"line":44,"column":110}},"line":44},"32":{"name":"(anonymous_32)","decl":{"start":{"line":45,"column":87},"end":{"line":45,"column":94}},"loc":{"start":{"line":45,"column":100},"end":{"line":45,"column":124}},"line":45},"33":{"name":"(anonymous_33)","decl":{"start":{"line":46,"column":82},"end":{"line":46,"column":89}},"loc":{"start":{"line":46,"column":95},"end":{"line":46,"column":121}},"line":46},"34":{"name":"(anonymous_34)","decl":{"start":{"line":47,"column":76},"end":{"line":47,"column":83}},"loc":{"start":{"line":47,"column":89},"end":{"line":47,"column":116}},"line":47},"35":{"name":"(anonymous_35)","decl":{"start":{"line":48,"column":89},"end":{"line":48,"column":96}},"loc":{"start":{"line":48,"column":102},"end":{"line":48,"column":133}},"line":48},"36":{"name":"(anonymous_36)","decl":{"start":{"line":49,"column":88},"end":{"line":49,"column":95}},"loc":{"start":{"line":49,"column":101},"end":{"line":49,"column":119}},"line":49},"37":{"name":"(anonymous_37)","decl":{"start":{"line":50,"column":74},"end":{"line":50,"column":81}},"loc":{"start":{"line":50,"column":87},"end":{"line":50,"column":129}},"line":50},"38":{"name":"(anonymous_38)","decl":{"start":{"line":50,"column":110},"end":{"line":50,"column":116}},"loc":{"start":{"line":50,"column":122},"end":{"line":50,"column":127}},"line":50},"39":{"name":"(anonymous_39)","decl":{"start":{"line":51,"column":74},"end":{"line":51,"column":81}},"loc":{"start":{"line":51,"column":87},"end":{"line":51,"column":106}},"line":51},"40":{"name":"(anonymous_40)","decl":{"start":{"line":52,"column":97},"end":{"line":52,"column":104}},"loc":{"start":{"line":52,"column":110},"end":{"line":52,"column":133}},"line":52},"41":{"name":"(anonymous_41)","decl":{"start":{"line":53,"column":102},"end":{"line":53,"column":109}},"loc":{"start":{"line":53,"column":115},"end":{"line":53,"column":138}},"line":53},"42":{"name":"(anonymous_42)","decl":{"start":{"line":54,"column":95},"end":{"line":54,"column":102}},"loc":{"start":{"line":54,"column":108},"end":{"line":54,"column":175}},"line":54},"43":{"name":"(anonymous_43)","decl":{"start":{"line":58,"column":15},"end":{"line":58,"column":20}},"loc":{"start":{"line":58,"column":26},"end":{"line":58,"column":35}},"line":58}},"branchMap":{},"s":{"0":5,"1":5,"2":0,"3":0,"4":0,"5":0,"6":0,"7":0,"8":0,"9":0,"10":0,"11":0,"12":0,"13":0,"14":0,"15":0,"16":0,"17":0,"18":0,"19":0,"20":0,"21":0,"22":0,"23":0,"24":0,"25":0,"26":0,"27":0,"28":0,"29":0,"30":0,"31":0,"32":0,"33":0,"34":0,"35":0,"36":0,"37":0,"38":0,"39":0,"40":0,"41":0,"42":0,"43":0,"44":0,"45":5,"46":165},"f":{"0":0,"1":0,"2":0,"3":0,"4":0,"5":0,"6":0,"7":0,"8":0,"9":0,"10":0,"11":0,"12":0,"13":0,"14":0,"15":0,"16":0,"17":0,"18":0,"19":0,"20":0,"21":0,"22":0,"23":0,"24":0,"25":0,"26":0,"27":0,"28":0,"29":0,"30":0,"31":0,"32":0,"33":0,"34":0,"35":0,"36":0,"37":0,"38":0,"39":0,"40":0,"41":0,"42":0,"43":165},"b":{},"meta":{"lastBranch":0,"lastFunction":44,"lastStatement":47,"seen":{"s:19:33:19:Infinity":0,"s:21:46:55:Infinity":1,"f:22:72:22:79":0,"s:22:85:22:105":2,"f:23:72:23:79":1,"s:23:85:23:106":3,"f:24:75:24:82":2,"s:24:88:24:115":4,"f:25:74:25:81":3,"s:25:87:25:148":5,"f:25:96:25:104":4,"s:25:110:25:134":6,"f:26:89:26:96":5,"s:26:102:26:150":7,"f:26:111:26:118":6,"s:26:124:26:148":8,"f:27:83:27:90":7,"s:27:96:27:159":9,"f:27:105:27:113":8,"s:27:119:27:145":10,"f:28:84:28:91":9,"s:28:97:28:147":11,"f:28:106:28:113":10,"s:28:119:28:145":12,"f:29:84:29:91":11,"s:29:97:29:149":13,"f:29:106:29:112":12,"s:29:118:29:147":14,"f:30:80:30:87":13,"s:30:93:30:145":15,"f:30:102:30:108":14,"s:30:114:30:143":16,"f:31:68:31:75":15,"s:31:81:31:104":17,"f:32:75:32:82":16,"s:32:88:32:112":18,"f:33:72:33:79":17,"s:33:85:33:108":19,"f:34:73:34:80":18,"s:34:86:34:110":20,"f:35:79:35:86":19,"s:35:92:35:120":21,"f:36:79:36:86":20,"s:36:92:36:120":22,"f:37:75:37:82":21,"s:37:88:37:112":23,"f:38:82:38:89":22,"s:38:95:38:118":24,"f:39:78:39:85":23,"s:39:91:39:121":25,"f:40:82:40:89":24,"s:40:95:40:157":26,"f:40:118:40:126":25,"s:40:132:40:143":27,"f:41:78:41:85":26,"s:41:91:41:153":28,"f:41:114:41:122":27,"s:41:128:41:139":29,"f:42:86:42:93":28,"s:42:99:42:148":30,"f:42:122:42:128":29,"s:42:134:42:146":31,"f:43:78:43:85":30,"s:43:91:43:110":32,"f:44:78:44:85":31,"s:44:91:44:110":33,"f:45:87:45:94":32,"s:45:100:45:124":34,"f:46:82:46:89":33,"s:46:95:46:121":35,"f:47:76:47:83":34,"s:47:89:47:116":36,"f:48:89:48:96":35,"s:48:102:48:133":37,"f:49:88:49:95":36,"s:49:101:49:119":38,"f:50:74:50:81":37,"s:50:87:50:129":39,"f:50:110:50:116":38,"s:50:122:50:127":40,"f:51:74:51:81":39,"s:51:87:51:106":41,"f:52:97:52:104":40,"s:52:110:52:133":42,"f:53:102:53:109":41,"s:53:115:53:138":43,"f:54:95:54:102":42,"s:54:108:54:175":44,"s:57:33:59:Infinity":45,"f:58:15:58:20":43,"s:58:26:58:35":46},"fnNames":{}}}
,"C:\\Users\\TEB283_WS\\Desktop\\AI Projektek\\SushiTycoon\\src\\game\\analytics.ts": {"path":"C:\\Users\\TEB283_WS\\Desktop\\AI Projektek\\SushiTycoon\\src\\game\\analytics.ts","statementMap":{"0":{"start":{"line":16,"column":61},"end":{"line":16,"column":null}},"1":{"start":{"line":18,"column":21},"end":{"line":18,"column":null}},"2":{"start":{"line":22,"column":70},"end":{"line":22,"column":null}},"3":{"start":{"line":25,"column":2},"end":{"line":25,"column":null}},"4":{"start":{"line":25,"column":37},"end":{"line":25,"column":null}},"5":{"start":{"line":26,"column":2},"end":{"line":30,"column":null}},"6":{"start":{"line":27,"column":4},"end":{"line":29,"column":null}},"7":{"start":{"line":28,"column":19},"end":{"line":28,"column":65}},"8":{"start":{"line":29,"column":19},"end":{"line":29,"column":23}},"9":{"start":{"line":31,"column":2},"end":{"line":31,"column":null}},"10":{"start":{"line":35,"column":2},"end":{"line":35,"column":null}},"11":{"start":{"line":36,"column":2},"end":{"line":36,"column":null}},"12":{"start":{"line":36,"column":27},"end":{"line":36,"column":null}},"13":{"start":{"line":37,"column":2},"end":{"line":37,"column":null}},"14":{"start":{"line":37,"column":37},"end":{"line":37,"column":81}},"15":{"start":{"line":41,"column":2},"end":{"line":41,"column":null}}},"fnMap":{"0":{"name":"ensureFirebase","decl":{"start":{"line":24,"column":15},"end":{"line":24,"column":32}},"loc":{"start":{"line":24,"column":32},"end":{"line":32,"column":null}},"line":24},"1":{"name":"(anonymous_1)","decl":{"start":{"line":28,"column":7},"end":{"line":28,"column":13}},"loc":{"start":{"line":28,"column":19},"end":{"line":28,"column":65}},"line":28},"2":{"name":"(anonymous_2)","decl":{"start":{"line":29,"column":7},"end":{"line":29,"column":19}},"loc":{"start":{"line":29,"column":19},"end":{"line":29,"column":23}},"line":29},"3":{"name":"track","decl":{"start":{"line":34,"column":16},"end":{"line":34,"column":22}},"loc":{"start":{"line":34,"column":62},"end":{"line":38,"column":null}},"line":34},"4":{"name":"(anonymous_4)","decl":{"start":{"line":37,"column":24},"end":{"line":37,"column":30}},"loc":{"start":{"line":37,"column":37},"end":{"line":37,"column":81}},"line":37},"5":{"name":"getEventLog","decl":{"start":{"line":40,"column":16},"end":{"line":40,"column":30}},"loc":{"start":{"line":40,"column":30},"end":{"line":42,"column":null}},"line":40}},"branchMap":{"0":{"loc":{"start":{"line":25,"column":2},"end":{"line":25,"column":null}},"type":"if","locations":[{"start":{"line":25,"column":2},"end":{"line":25,"column":null}},{"start":{},"end":{}}],"line":25},"1":{"loc":{"start":{"line":26,"column":2},"end":{"line":30,"column":null}},"type":"if","locations":[{"start":{"line":26,"column":2},"end":{"line":30,"column":null}},{"start":{},"end":{}}],"line":26},"2":{"loc":{"start":{"line":34,"column":37},"end":{"line":34,"column":62}},"type":"default-arg","locations":[{"start":{"line":34,"column":52},"end":{"line":34,"column":62}}],"line":34},"3":{"loc":{"start":{"line":36,"column":2},"end":{"line":36,"column":null}},"type":"if","locations":[{"start":{"line":36,"column":2},"end":{"line":36,"column":null}},{"start":{},"end":{}}],"line":36}},"s":{"0":1,"1":1,"2":1,"3":10,"4":10,"5":0,"6":0,"7":0,"8":0,"9":0,"10":10,"11":10,"12":10,"13":10,"14":10,"15":0},"f":{"0":10,"1":0,"2":0,"3":10,"4":10,"5":0},"b":{"0":[10,0],"1":[0,0],"2":[10],"3":[10,0]},"meta":{"lastBranch":4,"lastFunction":6,"lastStatement":16,"seen":{"s:16:61:16:Infinity":0,"s:18:21:18:Infinity":1,"s:22:70:22:Infinity":2,"f:24:15:24:32":0,"b:25:2:25:Infinity:undefined:undefined:undefined:undefined":0,"s:25:2:25:Infinity":3,"s:25:37:25:Infinity":4,"b:26:2:30:Infinity:undefined:undefined:undefined:undefined":1,"s:26:2:30:Infinity":5,"s:27:4:29:Infinity":6,"f:28:7:28:13":1,"s:28:19:28:65":7,"f:29:7:29:19":2,"s:29:19:29:23":8,"s:31:2:31:Infinity":9,"f:34:16:34:22":3,"b:34:52:34:62":2,"s:35:2:35:Infinity":10,"b:36:2:36:Infinity:undefined:undefined:undefined:undefined":3,"s:36:2:36:Infinity":11,"s:36:27:36:Infinity":12,"s:37:2:37:Infinity":13,"f:37:24:37:30":4,"s:37:37:37:81":14,"f:40:16:40:30":5,"s:41:2:41:Infinity":15},"fnNames":{}}}
,"C:\\Users\\TEB283_WS\\Desktop\\AI Projektek\\SushiTycoon\\src\\game\\audio.ts": {"path":"C:\\Users\\TEB283_WS\\Desktop\\AI Projektek\\SushiTycoon\\src\\game\\audio.ts","statementMap":{"0":{"start":{"line":10,"column":31},"end":{"line":10,"column":null}},"1":{"start":{"line":11,"column":12},"end":{"line":11,"column":null}},"2":{"start":{"line":12,"column":13},"end":{"line":12,"column":null}},"3":{"start":{"line":15,"column":2},"end":{"line":15,"column":null}},"4":{"start":{"line":15,"column":13},"end":{"line":15,"column":null}},"5":{"start":{"line":16,"column":2},"end":{"line":22,"column":null}},"6":{"start":{"line":17,"column":4},"end":{"line":21,"column":null}},"7":{"start":{"line":18,"column":6},"end":{"line":18,"column":null}},"8":{"start":{"line":20,"column":6},"end":{"line":20,"column":null}},"9":{"start":{"line":23,"column":2},"end":{"line":23,"column":null}},"10":{"start":{"line":23,"column":33},"end":{"line":23,"column":null}},"11":{"start":{"line":24,"column":2},"end":{"line":24,"column":null}},"12":{"start":{"line":28,"column":2},"end":{"line":28,"column":null}},"13":{"start":{"line":32,"column":2},"end":{"line":32,"column":null}},"14":{"start":{"line":33,"column":2},"end":{"line":33,"column":null}},"15":{"start":{"line":34,"column":2},"end":{"line":34,"column":null}},"16":{"start":{"line":38,"column":2},"end":{"line":38,"column":null}},"17":{"start":{"line":42,"column":2},"end":{"line":42,"column":null}},"18":{"start":{"line":43,"column":2},"end":{"line":43,"column":null}},"19":{"start":{"line":44,"column":2},"end":{"line":44,"column":null}},"20":{"start":{"line":51,"column":12},"end":{"line":51,"column":null}},"21":{"start":{"line":52,"column":2},"end":{"line":52,"column":null}},"22":{"start":{"line":52,"column":10},"end":{"line":52,"column":null}},"23":{"start":{"line":53,"column":13},"end":{"line":53,"column":null}},"24":{"start":{"line":54,"column":14},"end":{"line":54,"column":null}},"25":{"start":{"line":55,"column":14},"end":{"line":55,"column":null}},"26":{"start":{"line":56,"column":2},"end":{"line":56,"column":null}},"27":{"start":{"line":57,"column":2},"end":{"line":57,"column":null}},"28":{"start":{"line":58,"column":2},"end":{"line":58,"column":null}},"29":{"start":{"line":59,"column":2},"end":{"line":59,"column":null}},"30":{"start":{"line":60,"column":2},"end":{"line":60,"column":null}},"31":{"start":{"line":61,"column":2},"end":{"line":61,"column":null}},"32":{"start":{"line":62,"column":2},"end":{"line":62,"column":null}},"33":{"start":{"line":63,"column":2},"end":{"line":63,"column":null}},"34":{"start":{"line":64,"column":2},"end":{"line":64,"column":null}},"35":{"start":{"line":69,"column":2},"end":{"line":69,"column":null}},"36":{"start":{"line":69,"column":26},"end":{"line":69,"column":71}},"37":{"start":{"line":79,"column":2},"end":{"line":79,"column":null}},"38":{"start":{"line":79,"column":15},"end":{"line":79,"column":null}},"39":{"start":{"line":80,"column":2},"end":{"line":84,"column":null}},"40":{"start":{"line":81,"column":4},"end":{"line":81,"column":null}},"41":{"start":{"line":87,"column":19},"end":{"line":98,"column":null}},"42":{"start":{"line":88,"column":15},"end":{"line":88,"column":53}},"43":{"start":{"line":88,"column":53},"end":{"line":88,"column":62}},"44":{"start":{"line":89,"column":15},"end":{"line":89,"column":52}},"45":{"start":{"line":89,"column":52},"end":{"line":89,"column":62}},"46":{"start":{"line":90,"column":16},"end":{"line":90,"column":49}},"47":{"start":{"line":90,"column":49},"end":{"line":90,"column":59}},"48":{"start":{"line":91,"column":16},"end":{"line":91,"column":53}},"49":{"start":{"line":91,"column":53},"end":{"line":91,"column":73}},"50":{"start":{"line":92,"column":19},"end":{"line":92,"column":61}},"51":{"start":{"line":92,"column":61},"end":{"line":92,"column":71}},"52":{"start":{"line":93,"column":19},"end":{"line":93,"column":59}},"53":{"start":{"line":93,"column":59},"end":{"line":93,"column":79}},"54":{"start":{"line":94,"column":17},"end":{"line":94,"column":55}},"55":{"start":{"line":94,"column":55},"end":{"line":94,"column":75}},"56":{"start":{"line":95,"column":20},"end":{"line":95,"column":69}},"57":{"start":{"line":95,"column":69},"end":{"line":95,"column":97}},"58":{"start":{"line":96,"column":16},"end":{"line":96,"column":68}},"59":{"start":{"line":96,"column":68},"end":{"line":96,"column":88}},"60":{"start":{"line":97,"column":15},"end":{"line":97,"column":49}},"61":{"start":{"line":97,"column":49},"end":{"line":97,"column":69}}},"fnMap":{"0":{"name":"ac","decl":{"start":{"line":14,"column":9},"end":{"line":14,"column":35}},"loc":{"start":{"line":14,"column":35},"end":{"line":25,"column":null}},"line":14},"1":{"name":"isMuted","decl":{"start":{"line":27,"column":16},"end":{"line":27,"column":35}},"loc":{"start":{"line":27,"column":35},"end":{"line":29,"column":null}},"line":27},"2":{"name":"toggleMute","decl":{"start":{"line":31,"column":16},"end":{"line":31,"column":38}},"loc":{"start":{"line":31,"column":38},"end":{"line":35,"column":null}},"line":31},"3":{"name":"isVibeOn","decl":{"start":{"line":37,"column":16},"end":{"line":37,"column":36}},"loc":{"start":{"line":37,"column":36},"end":{"line":39,"column":null}},"line":37},"4":{"name":"toggleVibe","decl":{"start":{"line":41,"column":16},"end":{"line":41,"column":38}},"loc":{"start":{"line":41,"column":38},"end":{"line":45,"column":null}},"line":41},"5":{"name":"tone","decl":{"start":{"line":50,"column":9},"end":{"line":50,"column":14}},"loc":{"start":{"line":50,"column":103},"end":{"line":65,"column":null}},"line":50},"6":{"name":"arp","decl":{"start":{"line":68,"column":9},"end":{"line":68,"column":13}},"loc":{"start":{"line":68,"column":95},"end":{"line":70,"column":null}},"line":68},"7":{"name":"(anonymous_7)","decl":{"start":{"line":69,"column":8},"end":{"line":69,"column":17}},"loc":{"start":{"line":69,"column":26},"end":{"line":69,"column":71}},"line":69},"8":{"name":"buzz","decl":{"start":{"line":78,"column":9},"end":{"line":78,"column":14}},"loc":{"start":{"line":78,"column":37},"end":{"line":85,"column":null}},"line":78},"9":{"name":"(anonymous_9)","decl":{"start":{"line":88,"column":2},"end":{"line":88,"column":13}},"loc":{"start":{"line":88,"column":13},"end":{"line":88,"column":null}},"line":88},"10":{"name":"(anonymous_10)","decl":{"start":{"line":89,"column":2},"end":{"line":89,"column":13}},"loc":{"start":{"line":89,"column":13},"end":{"line":89,"column":null}},"line":89},"11":{"name":"(anonymous_11)","decl":{"start":{"line":90,"column":2},"end":{"line":90,"column":14}},"loc":{"start":{"line":90,"column":14},"end":{"line":90,"column":null}},"line":90},"12":{"name":"(anonymous_12)","decl":{"start":{"line":91,"column":2},"end":{"line":91,"column":14}},"loc":{"start":{"line":91,"column":14},"end":{"line":91,"column":null}},"line":91},"13":{"name":"(anonymous_13)","decl":{"start":{"line":92,"column":2},"end":{"line":92,"column":17}},"loc":{"start":{"line":92,"column":17},"end":{"line":92,"column":null}},"line":92},"14":{"name":"(anonymous_14)","decl":{"start":{"line":93,"column":2},"end":{"line":93,"column":17}},"loc":{"start":{"line":93,"column":17},"end":{"line":93,"column":null}},"line":93},"15":{"name":"(anonymous_15)","decl":{"start":{"line":94,"column":2},"end":{"line":94,"column":15}},"loc":{"start":{"line":94,"column":15},"end":{"line":94,"column":null}},"line":94},"16":{"name":"(anonymous_16)","decl":{"start":{"line":95,"column":2},"end":{"line":95,"column":18}},"loc":{"start":{"line":95,"column":18},"end":{"line":95,"column":null}},"line":95},"17":{"name":"(anonymous_17)","decl":{"start":{"line":96,"column":2},"end":{"line":96,"column":14}},"loc":{"start":{"line":96,"column":14},"end":{"line":96,"column":null}},"line":96},"18":{"name":"(anonymous_18)","decl":{"start":{"line":97,"column":2},"end":{"line":97,"column":13}},"loc":{"start":{"line":97,"column":13},"end":{"line":97,"column":null}},"line":97}},"branchMap":{"0":{"loc":{"start":{"line":15,"column":2},"end":{"line":15,"column":null}},"type":"if","locations":[{"start":{"line":15,"column":2},"end":{"line":15,"column":null}},{"start":{},"end":{}}],"line":15},"1":{"loc":{"start":{"line":16,"column":2},"end":{"line":22,"column":null}},"type":"if","locations":[{"start":{"line":16,"column":2},"end":{"line":22,"column":null}},{"start":{},"end":{}}],"line":16},"2":{"loc":{"start":{"line":23,"column":2},"end":{"line":23,"column":null}},"type":"if","locations":[{"start":{"line":23,"column":2},"end":{"line":23,"column":null}},{"start":{},"end":{}}],"line":23},"3":{"loc":{"start":{"line":33,"column":38},"end":{"line":33,"column":55}},"type":"cond-expr","locations":[{"start":{"line":33,"column":46},"end":{"line":33,"column":52}},{"start":{"line":33,"column":52},"end":{"line":33,"column":55}}],"line":33},"4":{"loc":{"start":{"line":43,"column":37},"end":{"line":43,"column":55}},"type":"cond-expr","locations":[{"start":{"line":43,"column":46},"end":{"line":43,"column":52}},{"start":{"line":43,"column":52},"end":{"line":43,"column":55}}],"line":43},"5":{"loc":{"start":{"line":50,"column":71},"end":{"line":50,"column":92}},"type":"default-arg","locations":[{"start":{"line":50,"column":84},"end":{"line":50,"column":92}}],"line":50},"6":{"loc":{"start":{"line":50,"column":92},"end":{"line":50,"column":103}},"type":"default-arg","locations":[{"start":{"line":50,"column":100},"end":{"line":50,"column":103}}],"line":50},"7":{"loc":{"start":{"line":52,"column":2},"end":{"line":52,"column":null}},"type":"if","locations":[{"start":{"line":52,"column":2},"end":{"line":52,"column":null}},{"start":{},"end":{}}],"line":52},"8":{"loc":{"start":{"line":68,"column":70},"end":{"line":68,"column":95}},"type":"default-arg","locations":[{"start":{"line":68,"column":83},"end":{"line":68,"column":95}}],"line":68},"9":{"loc":{"start":{"line":79,"column":2},"end":{"line":79,"column":null}},"type":"if","locations":[{"start":{"line":79,"column":2},"end":{"line":79,"column":null}},{"start":{},"end":{}}],"line":79}},"s":{"0":1,"1":1,"2":1,"3":18,"4":0,"5":18,"6":18,"7":18,"8":18,"9":0,"10":0,"11":0,"12":0,"13":0,"14":0,"15":0,"16":0,"17":0,"18":0,"19":0,"20":18,"21":18,"22":18,"23":0,"24":0,"25":0,"26":0,"27":0,"28":0,"29":0,"30":0,"31":0,"32":0,"33":0,"34":0,"35":5,"36":14,"37":9,"38":0,"39":9,"40":9,"41":1,"42":2,"43":2,"44":2,"45":2,"46":3,"47":3,"48":1,"49":1,"50":0,"51":0,"52":0,"53":0,"54":0,"55":0,"56":1,"57":1,"58":0,"59":0,"60":0,"61":0},"f":{"0":18,"1":0,"2":0,"3":0,"4":0,"5":18,"6":5,"7":14,"8":9,"9":2,"10":2,"11":3,"12":1,"13":0,"14":0,"15":0,"16":1,"17":0,"18":0},"b":{"0":[0,18],"1":[18,0],"2":[0,0],"3":[0,0],"4":[0,0],"5":[18],"6":[18],"7":[18,0],"8":[5],"9":[0,9]},"meta":{"lastBranch":10,"lastFunction":19,"lastStatement":62,"seen":{"s:10:31:10:Infinity":0,"s:11:12:11:Infinity":1,"s:12:13:12:Infinity":2,"f:14:9:14:35":0,"b:15:2:15:Infinity:undefined:undefined:undefined:undefined":0,"s:15:2:15:Infinity":3,"s:15:13:15:Infinity":4,"b:16:2:22:Infinity:undefined:undefined:undefined:undefined":1,"s:16:2:22:Infinity":5,"s:17:4:21:Infinity":6,"s:18:6:18:Infinity":7,"s:20:6:20:Infinity":8,"b:23:2:23:Infinity:undefined:undefined:undefined:undefined":2,"s:23:2:23:Infinity":9,"s:23:33:23:Infinity":10,"s:24:2:24:Infinity":11,"f:27:16:27:35":1,"s:28:2:28:Infinity":12,"f:31:16:31:38":2,"s:32:2:32:Infinity":13,"s:33:2:33:Infinity":14,"b:33:46:33:52:33:52:33:55":3,"s:34:2:34:Infinity":15,"f:37:16:37:36":3,"s:38:2:38:Infinity":16,"f:41:16:41:38":4,"s:42:2:42:Infinity":17,"s:43:2:43:Infinity":18,"b:43:46:43:52:43:52:43:55":4,"s:44:2:44:Infinity":19,"f:50:9:50:14":5,"b:50:84:50:92":5,"b:50:100:50:103":6,"s:51:12:51:Infinity":20,"b:52:2:52:Infinity:undefined:undefined:undefined:undefined":7,"s:52:2:52:Infinity":21,"s:52:10:52:Infinity":22,"s:53:13:53:Infinity":23,"s:54:14:54:Infinity":24,"s:55:14:55:Infinity":25,"s:56:2:56:Infinity":26,"s:57:2:57:Infinity":27,"s:58:2:58:Infinity":28,"s:59:2:59:Infinity":29,"s:60:2:60:Infinity":30,"s:61:2:61:Infinity":31,"s:62:2:62:Infinity":32,"s:63:2:63:Infinity":33,"s:64:2:64:Infinity":34,"f:68:9:68:13":6,"b:68:83:68:95":8,"s:69:2:69:Infinity":35,"f:69:8:69:17":7,"s:69:26:69:71":36,"f:78:9:78:14":8,"b:79:2:79:Infinity:undefined:undefined:undefined:undefined":9,"s:79:2:79:Infinity":37,"s:79:15:79:Infinity":38,"s:80:2:84:Infinity":39,"s:81:4:81:Infinity":40,"s:87:19:98:Infinity":41,"f:88:2:88:13":9,"s:88:15:88:53":42,"s:88:53:88:62":43,"f:89:2:89:13":10,"s:89:15:89:52":44,"s:89:52:89:62":45,"f:90:2:90:14":11,"s:90:16:90:49":46,"s:90:49:90:59":47,"f:91:2:91:14":12,"s:91:16:91:53":48,"s:91:53:91:73":49,"f:92:2:92:17":13,"s:92:19:92:61":50,"s:92:61:92:71":51,"f:93:2:93:17":14,"s:93:19:93:59":52,"s:93:59:93:79":53,"f:94:2:94:15":15,"s:94:17:94:55":54,"s:94:55:94:75":55,"f:95:2:95:18":16,"s:95:20:95:69":56,"s:95:69:95:97":57,"f:96:2:96:14":17,"s:96:16:96:68":58,"s:96:68:96:88":59,"f:97:2:97:13":18,"s:97:15:97:49":60,"s:97:49:97:69":61},"fnNames":{}}}
,"C:\\Users\\TEB283_WS\\Desktop\\AI Projektek\\SushiTycoon\\src\\game\\chefs.ts": {"path":"C:\\Users\\TEB283_WS\\Desktop\\AI Projektek\\SushiTycoon\\src\\game\\chefs.ts","statementMap":{"0":{"start":{"line":50,"column":109},"end":{"line":55,"column":null}},"1":{"start":{"line":57,"column":73},"end":{"line":61,"column":null}},"2":{"start":{"line":64,"column":27},"end":{"line":64,"column":null}},"3":{"start":{"line":66,"column":31},"end":{"line":66,"column":null}},"4":{"start":{"line":68,"column":32},"end":{"line":147,"column":null}},"5":{"start":{"line":149,"column":26},"end":{"line":149,"column":null}},"6":{"start":{"line":149,"column":62},"end":{"line":149,"column":71}},"7":{"start":{"line":152,"column":57},"end":{"line":154,"column":null}},"8":{"start":{"line":157,"column":26},"end":{"line":157,"column":null}},"9":{"start":{"line":158,"column":25},"end":{"line":158,"column":null}},"10":{"start":{"line":159,"column":26},"end":{"line":159,"column":null}},"11":{"start":{"line":162,"column":14},"end":{"line":162,"column":null}},"12":{"start":{"line":163,"column":2},"end":{"line":163,"column":null}},"13":{"start":{"line":172,"column":2},"end":{"line":172,"column":null}},"14":{"start":{"line":177,"column":2},"end":{"line":177,"column":null}},"15":{"start":{"line":177,"column":44},"end":{"line":177,"column":null}},"16":{"start":{"line":178,"column":15},"end":{"line":178,"column":null}},"17":{"start":{"line":180,"column":2},"end":{"line":180,"column":null}},"18":{"start":{"line":185,"column":2},"end":{"line":185,"column":null}},"19":{"start":{"line":185,"column":18},"end":{"line":185,"column":null}},"20":{"start":{"line":186,"column":2},"end":{"line":186,"column":null}},"21":{"start":{"line":191,"column":2},"end":{"line":193,"column":null}},"22":{"start":{"line":192,"column":17},"end":{"line":192,"column":31}},"23":{"start":{"line":193,"column":33},"end":{"line":193,"column":68}},"24":{"start":{"line":202,"column":41},"end":{"line":202,"column":null}},"25":{"start":{"line":203,"column":2},"end":{"line":203,"column":null}},"26":{"start":{"line":203,"column":34},"end":{"line":203,"column":null}},"27":{"start":{"line":204,"column":14},"end":{"line":204,"column":null}},"28":{"start":{"line":205,"column":2},"end":{"line":205,"column":null}},"29":{"start":{"line":205,"column":41},"end":{"line":205,"column":null}},"30":{"start":{"line":206,"column":2},"end":{"line":206,"column":null}},"31":{"start":{"line":224,"column":14},"end":{"line":224,"column":null}},"32":{"start":{"line":225,"column":2},"end":{"line":233,"column":null}},"33":{"start":{"line":226,"column":4},"end":{"line":226,"column":null}},"34":{"start":{"line":226,"column":32},"end":{"line":226,"column":null}},"35":{"start":{"line":227,"column":19},"end":{"line":227,"column":null}},"36":{"start":{"line":228,"column":21},"end":{"line":228,"column":null}},"37":{"start":{"line":229,"column":4},"end":{"line":229,"column":null}},"38":{"start":{"line":229,"column":41},"end":{"line":229,"column":null}},"39":{"start":{"line":230,"column":4},"end":{"line":230,"column":null}},"40":{"start":{"line":230,"column":67},"end":{"line":230,"column":null}},"41":{"start":{"line":231,"column":4},"end":{"line":231,"column":null}},"42":{"start":{"line":231,"column":63},"end":{"line":231,"column":null}},"43":{"start":{"line":232,"column":4},"end":{"line":232,"column":null}},"44":{"start":{"line":234,"column":2},"end":{"line":234,"column":null}},"45":{"start":{"line":244,"column":2},"end":{"line":244,"column":null}},"46":{"start":{"line":244,"column":38},"end":{"line":244,"column":63}},"47":{"start":{"line":249,"column":2},"end":{"line":249,"column":null}},"48":{"start":{"line":249,"column":36},"end":{"line":249,"column":61}},"49":{"start":{"line":254,"column":12},"end":{"line":254,"column":null}},"50":{"start":{"line":255,"column":8},"end":{"line":255,"column":null}},"51":{"start":{"line":255,"column":35},"end":{"line":255,"column":null}},"52":{"start":{"line":256,"column":2},"end":{"line":269,"column":null}},"53":{"start":{"line":258,"column":6},"end":{"line":258,"column":null}},"54":{"start":{"line":260,"column":6},"end":{"line":260,"column":null}},"55":{"start":{"line":262,"column":6},"end":{"line":262,"column":null}},"56":{"start":{"line":264,"column":6},"end":{"line":264,"column":null}},"57":{"start":{"line":266,"column":6},"end":{"line":266,"column":null}},"58":{"start":{"line":268,"column":6},"end":{"line":268,"column":null}},"59":{"start":{"line":278,"column":2},"end":{"line":278,"column":null}}},"fnMap":{"0":{"name":"(anonymous_0)","decl":{"start":{"line":149,"column":51},"end":{"line":149,"column":56}},"loc":{"start":{"line":149,"column":62},"end":{"line":149,"column":71}},"line":149},"1":{"name":"slotCost","decl":{"start":{"line":161,"column":16},"end":{"line":161,"column":25}},"loc":{"start":{"line":161,"column":62},"end":{"line":164,"column":null}},"line":161},"2":{"name":"chefState","decl":{"start":{"line":171,"column":16},"end":{"line":171,"column":26}},"loc":{"start":{"line":171,"column":63},"end":{"line":173,"column":null}},"line":171},"3":{"name":"fragmentsForNext","decl":{"start":{"line":176,"column":16},"end":{"line":176,"column":33}},"loc":{"start":{"line":176,"column":77},"end":{"line":181,"column":null}},"line":176},"4":{"name":"effectValue","decl":{"start":{"line":184,"column":16},"end":{"line":184,"column":28}},"loc":{"start":{"line":184,"column":65},"end":{"line":187,"column":null}},"line":184},"5":{"name":"activeChefs","decl":{"start":{"line":190,"column":16},"end":{"line":190,"column":28}},"loc":{"start":{"line":190,"column":53},"end":{"line":194,"column":null}},"line":190},"6":{"name":"(anonymous_6)","decl":{"start":{"line":192,"column":5},"end":{"line":192,"column":10}},"loc":{"start":{"line":192,"column":17},"end":{"line":192,"column":31}},"line":192},"7":{"name":"(anonymous_7)","decl":{"start":{"line":193,"column":5},"end":{"line":193,"column":13}},"loc":{"start":{"line":193,"column":33},"end":{"line":193,"column":68}},"line":193},"8":{"name":"synergyBonus","decl":{"start":{"line":201,"column":16},"end":{"line":201,"column":29}},"loc":{"start":{"line":201,"column":51},"end":{"line":207,"column":null}},"line":201},"9":{"name":"chefBonus","decl":{"start":{"line":218,"column":16},"end":{"line":218,"column":null}},"loc":{"start":{"line":223,"column":10},"end":{"line":235,"column":null}},"line":223},"10":{"name":"comboBonus","decl":{"start":{"line":243,"column":16},"end":{"line":243,"column":27}},"loc":{"start":{"line":243,"column":68},"end":{"line":245,"column":null}},"line":243},"11":{"name":"(anonymous_11)","decl":{"start":{"line":244,"column":24},"end":{"line":244,"column":32}},"loc":{"start":{"line":244,"column":38},"end":{"line":244,"column":63}},"line":244},"12":{"name":"hasCombo","decl":{"start":{"line":248,"column":16},"end":{"line":248,"column":25}},"loc":{"start":{"line":248,"column":67},"end":{"line":250,"column":null}},"line":248},"13":{"name":"(anonymous_13)","decl":{"start":{"line":249,"column":24},"end":{"line":249,"column":30}},"loc":{"start":{"line":249,"column":36},"end":{"line":249,"column":61}},"line":249},"14":{"name":"describeEffect","decl":{"start":{"line":253,"column":16},"end":{"line":253,"column":31}},"loc":{"start":{"line":253,"column":68},"end":{"line":270,"column":null}},"line":253},"15":{"name":"(anonymous_15)","decl":{"start":{"line":255,"column":8},"end":{"line":255,"column":20}},"loc":{"start":{"line":255,"column":35},"end":{"line":255,"column":null}},"line":255},"16":{"name":"chefOfTheDay","decl":{"start":{"line":277,"column":16},"end":{"line":277,"column":29}},"loc":{"start":{"line":277,"column":56},"end":{"line":279,"column":null}},"line":277}},"branchMap":{"0":{"loc":{"start":{"line":163,"column":9},"end":{"line":163,"column":null}},"type":"cond-expr","locations":[{"start":{"line":163,"column":47},"end":{"line":163,"column":65}},{"start":{"line":163,"column":65},"end":{"line":163,"column":null}}],"line":163},"1":{"loc":{"start":{"line":163,"column":9},"end":{"line":163,"column":47}},"type":"binary-expr","locations":[{"start":{"line":163,"column":9},"end":{"line":163,"column":21}},{"start":{"line":163,"column":21},"end":{"line":163,"column":47}}],"line":163},"2":{"loc":{"start":{"line":172,"column":9},"end":{"line":172,"column":null}},"type":"binary-expr","locations":[{"start":{"line":172,"column":9},"end":{"line":172,"column":24}},{"start":{"line":172,"column":24},"end":{"line":172,"column":null}}],"line":172},"3":{"loc":{"start":{"line":177,"column":2},"end":{"line":177,"column":null}},"type":"if","locations":[{"start":{"line":177,"column":2},"end":{"line":177,"column":null}},{"start":{},"end":{}}],"line":177},"4":{"loc":{"start":{"line":185,"column":2},"end":{"line":185,"column":null}},"type":"if","locations":[{"start":{"line":185,"column":2},"end":{"line":185,"column":null}},{"start":{},"end":{}}],"line":185},"5":{"loc":{"start":{"line":193,"column":33},"end":{"line":193,"column":68}},"type":"binary-expr","locations":[{"start":{"line":193,"column":33},"end":{"line":193,"column":40}},{"start":{"line":193,"column":40},"end":{"line":193,"column":68}}],"line":193},"6":{"loc":{"start":{"line":203,"column":54},"end":{"line":203,"column":79}},"type":"binary-expr","locations":[{"start":{"line":203,"column":54},"end":{"line":203,"column":74}},{"start":{"line":203,"column":74},"end":{"line":203,"column":79}}],"line":203},"7":{"loc":{"start":{"line":226,"column":4},"end":{"line":226,"column":null}},"type":"if","locations":[{"start":{"line":226,"column":4},"end":{"line":226,"column":null}},{"start":{},"end":{}}],"line":226},"8":{"loc":{"start":{"line":227,"column":19},"end":{"line":227,"column":null}},"type":"cond-expr","locations":[{"start":{"line":227,"column":42},"end":{"line":227,"column":60}},{"start":{"line":227,"column":60},"end":{"line":227,"column":null}}],"line":227},"9":{"loc":{"start":{"line":229,"column":4},"end":{"line":229,"column":null}},"type":"if","locations":[{"start":{"line":229,"column":4},"end":{"line":229,"column":null}},{"start":{},"end":{}}],"line":229},"10":{"loc":{"start":{"line":229,"column":8},"end":{"line":229,"column":41}},"type":"binary-expr","locations":[{"start":{"line":229,"column":8},"end":{"line":229,"column":30}},{"start":{"line":229,"column":30},"end":{"line":229,"column":41}}],"line":229},"11":{"loc":{"start":{"line":230,"column":4},"end":{"line":230,"column":null}},"type":"if","locations":[{"start":{"line":230,"column":4},"end":{"line":230,"column":null}},{"start":{},"end":{}}],"line":230},"12":{"loc":{"start":{"line":230,"column":8},"end":{"line":230,"column":67}},"type":"binary-expr","locations":[{"start":{"line":230,"column":8},"end":{"line":230,"column":32}},{"start":{"line":230,"column":32},"end":{"line":230,"column":44}},{"start":{"line":230,"column":44},"end":{"line":230,"column":67}}],"line":230},"13":{"loc":{"start":{"line":231,"column":4},"end":{"line":231,"column":null}},"type":"if","locations":[{"start":{"line":231,"column":4},"end":{"line":231,"column":null}},{"start":{},"end":{}}],"line":231},"14":{"loc":{"start":{"line":231,"column":8},"end":{"line":231,"column":63}},"type":"binary-expr","locations":[{"start":{"line":231,"column":8},"end":{"line":231,"column":28}},{"start":{"line":231,"column":28},"end":{"line":231,"column":41}},{"start":{"line":231,"column":41},"end":{"line":231,"column":63}}],"line":231},"15":{"loc":{"start":{"line":255,"column":35},"end":{"line":255,"column":null}},"type":"binary-expr","locations":[{"start":{"line":255,"column":35},"end":{"line":255,"column":62}},{"start":{"line":255,"column":62},"end":{"line":255,"column":null}}],"line":255},"16":{"loc":{"start":{"line":256,"column":2},"end":{"line":269,"column":null}},"type":"switch","locations":[{"start":{"line":257,"column":4},"end":{"line":258,"column":null}},{"start":{"line":259,"column":4},"end":{"line":260,"column":null}},{"start":{"line":261,"column":4},"end":{"line":262,"column":null}},{"start":{"line":263,"column":4},"end":{"line":264,"column":null}},{"start":{"line":265,"column":4},"end":{"line":266,"column":null}},{"start":{"line":267,"column":4},"end":{"line":268,"column":null}}],"line":256},"17":{"loc":{"start":{"line":258,"column":13},"end":{"line":258,"column":null}},"type":"cond-expr","locations":[{"start":{"line":258,"column":43},"end":{"line":258,"column":65}},{"start":{"line":258,"column":65},"end":{"line":258,"column":null}}],"line":258},"18":{"loc":{"start":{"line":260,"column":13},"end":{"line":260,"column":null}},"type":"cond-expr","locations":[{"start":{"line":260,"column":43},"end":{"line":260,"column":71}},{"start":{"line":260,"column":71},"end":{"line":260,"column":null}}],"line":260}},"s":{"0":5,"1":5,"2":5,"3":5,"4":5,"5":5,"6":65,"7":5,"8":5,"9":5,"10":5,"11":0,"12":0,"13":29,"14":0,"15":0,"16":0,"17":0,"18":8,"19":0,"20":8,"21":48,"22":22,"23":22,"24":8,"25":8,"26":6,"27":8,"28":8,"29":3,"30":8,"31":31,"32":31,"33":10,"34":1,"35":9,"36":10,"37":10,"38":1,"39":8,"40":4,"41":4,"42":0,"43":4,"44":31,"45":9,"46":5,"47":0,"48":0,"49":0,"50":0,"51":0,"52":0,"53":0,"54":0,"55":0,"56":0,"57":0,"58":0,"59":3},"f":{"0":65,"1":0,"2":29,"3":0,"4":8,"5":48,"6":22,"7":22,"8":8,"9":31,"10":9,"11":5,"12":0,"13":0,"14":0,"15":0,"16":3},"b":{"0":[0,0],"1":[0,0],"2":[29,3],"3":[0,0],"4":[0,8],"5":[22,22],"6":[6,3],"7":[1,9],"8":[9,0],"9":[1,9],"10":[10,2],"11":[4,4],"12":[8,5,2],"13":[0,4],"14":[4,2,1],"15":[0,0],"16":[0,0,0,0,0,0],"17":[0,0],"18":[0,0]},"meta":{"lastBranch":19,"lastFunction":17,"lastStatement":60,"seen":{"s:50:109:55:Infinity":0,"s:57:73:61:Infinity":1,"s:64:27:64:Infinity":2,"s:66:31:66:Infinity":3,"s:68:32:147:Infinity":4,"s:149:26:149:Infinity":5,"f:149:51:149:56":0,"s:149:62:149:71":6,"s:152:57:154:Infinity":7,"s:157:26:157:Infinity":8,"s:158:25:158:Infinity":9,"s:159:26:159:Infinity":10,"f:161:16:161:25":1,"s:162:14:162:Infinity":11,"s:163:2:163:Infinity":12,"b:163:47:163:65:163:65:163:Infinity":0,"b:163:9:163:21:163:21:163:47":1,"f:171:16:171:26":2,"s:172:2:172:Infinity":13,"b:172:9:172:24:172:24:172:Infinity":2,"f:176:16:176:33":3,"b:177:2:177:Infinity:undefined:undefined:undefined:undefined":3,"s:177:2:177:Infinity":14,"s:177:44:177:Infinity":15,"s:178:15:178:Infinity":16,"s:180:2:180:Infinity":17,"f:184:16:184:28":4,"b:185:2:185:Infinity:undefined:undefined:undefined:undefined":4,"s:185:2:185:Infinity":18,"s:185:18:185:Infinity":19,"s:186:2:186:Infinity":20,"f:190:16:190:28":5,"s:191:2:193:Infinity":21,"f:192:5:192:10":6,"s:192:17:192:31":22,"f:193:5:193:13":7,"s:193:33:193:68":23,"b:193:33:193:40:193:40:193:68":5,"f:201:16:201:29":8,"s:202:41:202:Infinity":24,"s:203:2:203:Infinity":25,"s:203:34:203:Infinity":26,"b:203:54:203:74:203:74:203:79":6,"s:204:14:204:Infinity":27,"s:205:2:205:Infinity":28,"s:205:41:205:Infinity":29,"s:206:2:206:Infinity":30,"f:218:16:218:Infinity":9,"s:224:14:224:Infinity":31,"s:225:2:233:Infinity":32,"b:226:4:226:Infinity:undefined:undefined:undefined:undefined":7,"s:226:4:226:Infinity":33,"s:226:32:226:Infinity":34,"s:227:19:227:Infinity":35,"b:227:42:227:60:227:60:227:Infinity":8,"s:228:21:228:Infinity":36,"b:229:4:229:Infinity:undefined:undefined:undefined:undefined":9,"s:229:4:229:Infinity":37,"b:229:8:229:30:229:30:229:41":10,"s:229:41:229:Infinity":38,"b:230:4:230:Infinity:undefined:undefined:undefined:undefined":11,"s:230:4:230:Infinity":39,"b:230:8:230:32:230:32:230:44:230:44:230:67":12,"s:230:67:230:Infinity":40,"b:231:4:231:Infinity:undefined:undefined:undefined:undefined":13,"s:231:4:231:Infinity":41,"b:231:8:231:28:231:28:231:41:231:41:231:63":14,"s:231:63:231:Infinity":42,"s:232:4:232:Infinity":43,"s:234:2:234:Infinity":44,"f:243:16:243:27":10,"s:244:2:244:Infinity":45,"f:244:24:244:32":11,"s:244:38:244:63":46,"f:248:16:248:25":12,"s:249:2:249:Infinity":47,"f:249:24:249:30":13,"s:249:36:249:61":48,"f:253:16:253:31":14,"s:254:12:254:Infinity":49,"s:255:8:255:Infinity":50,"f:255:8:255:20":15,"s:255:35:255:Infinity":51,"b:255:35:255:62:255:62:255:Infinity":15,"b:257:4:258:Infinity:259:4:260:Infinity:261:4:262:Infinity:263:4:264:Infinity:265:4:266:Infinity:267:4:268:Infinity":16,"s:256:2:269:Infinity":52,"s:258:6:258:Infinity":53,"b:258:43:258:65:258:65:258:Infinity":17,"s:260:6:260:Infinity":54,"b:260:43:260:71:260:71:260:Infinity":18,"s:262:6:262:Infinity":55,"s:264:6:264:Infinity":56,"s:266:6:266:Infinity":57,"s:268:6:268:Infinity":58,"f:277:16:277:29":16,"s:278:2:278:Infinity":59},"fnNames":{}}}
,"C:\\Users\\TEB283_WS\\Desktop\\AI Projektek\\SushiTycoon\\src\\game\\config.ts": {"path":"C:\\Users\\TEB283_WS\\Desktop\\AI Projektek\\SushiTycoon\\src\\game\\config.ts","statementMap":{"0":{"start":{"line":9,"column":38},"end":{"line":20,"column":null}},"1":{"start":{"line":22,"column":29},"end":{"line":22,"column":null}},"2":{"start":{"line":22,"column":68},"end":{"line":22,"column":77}},"3":{"start":{"line":25,"column":26},"end":{"line":25,"column":null}},"4":{"start":{"line":27,"column":32},"end":{"line":27,"column":null}},"5":{"start":{"line":30,"column":26},"end":{"line":30,"column":null}},"6":{"start":{"line":32,"column":34},"end":{"line":32,"column":null}},"7":{"start":{"line":35,"column":30},"end":{"line":35,"column":null}},"8":{"start":{"line":36,"column":34},"end":{"line":36,"column":null}},"9":{"start":{"line":39,"column":29},"end":{"line":39,"column":null}},"10":{"start":{"line":40,"column":27},"end":{"line":40,"column":null}},"11":{"start":{"line":45,"column":28},"end":{"line":45,"column":null}},"12":{"start":{"line":46,"column":28},"end":{"line":46,"column":null}},"13":{"start":{"line":48,"column":27},"end":{"line":48,"column":null}},"14":{"start":{"line":50,"column":23},"end":{"line":50,"column":null}},"15":{"start":{"line":51,"column":25},"end":{"line":51,"column":null}},"16":{"start":{"line":53,"column":27},"end":{"line":53,"column":null}},"17":{"start":{"line":54,"column":34},"end":{"line":54,"column":null}},"18":{"start":{"line":56,"column":24},"end":{"line":56,"column":null}}},"fnMap":{"0":{"name":"(anonymous_0)","decl":{"start":{"line":22,"column":57},"end":{"line":22,"column":62}},"loc":{"start":{"line":22,"column":68},"end":{"line":22,"column":77}},"line":22}},"branchMap":{},"s":{"0":6,"1":6,"2":60,"3":6,"4":6,"5":6,"6":6,"7":6,"8":6,"9":6,"10":6,"11":6,"12":6,"13":6,"14":6,"15":6,"16":6,"17":6,"18":6},"f":{"0":60},"b":{},"meta":{"lastBranch":0,"lastFunction":1,"lastStatement":19,"seen":{"s:9:38:20:Infinity":0,"s:22:29:22:Infinity":1,"f:22:57:22:62":0,"s:22:68:22:77":2,"s:25:26:25:Infinity":3,"s:27:32:27:Infinity":4,"s:30:26:30:Infinity":5,"s:32:34:32:Infinity":6,"s:35:30:35:Infinity":7,"s:36:34:36:Infinity":8,"s:39:29:39:Infinity":9,"s:40:27:40:Infinity":10,"s:45:28:45:Infinity":11,"s:46:28:46:Infinity":12,"s:48:27:48:Infinity":13,"s:50:23:50:Infinity":14,"s:51:25:51:Infinity":15,"s:53:27:53:Infinity":16,"s:54:34:54:Infinity":17,"s:56:24:56:Infinity":18},"fnNames":{}}}
,"C:\\Users\\TEB283_WS\\Desktop\\AI Projektek\\SushiTycoon\\src\\game\\league.ts": {"path":"C:\\Users\\TEB283_WS\\Desktop\\AI Projektek\\SushiTycoon\\src\\game\\league.ts","statementMap":{"0":{"start":{"line":22,"column":37},"end":{"line":28,"column":null}},"1":{"start":{"line":30,"column":27},"end":{"line":30,"column":null}},"2":{"start":{"line":31,"column":29},"end":{"line":31,"column":null}},"3":{"start":{"line":32,"column":30},"end":{"line":32,"column":null}},"4":{"start":{"line":33,"column":16},"end":{"line":33,"column":null}},"5":{"start":{"line":36,"column":2},"end":{"line":36,"column":null}},"6":{"start":{"line":41,"column":13},"end":{"line":41,"column":null}},"7":{"start":{"line":42,"column":2},"end":{"line":42,"column":null}},"8":{"start":{"line":42,"column":25},"end":{"line":42,"column":null}},"9":{"start":{"line":43,"column":12},"end":{"line":43,"column":null}},"10":{"start":{"line":44,"column":2},"end":{"line":44,"column":null}},"11":{"start":{"line":53,"column":17},"end":{"line":53,"column":null}},"12":{"start":{"line":54,"column":27},"end":{"line":54,"column":null}},"13":{"start":{"line":55,"column":2},"end":{"line":62,"column":null}},"14":{"start":{"line":55,"column":15},"end":{"line":55,"column":18}},"15":{"start":{"line":56,"column":14},"end":{"line":56,"column":null}},"16":{"start":{"line":58,"column":21},"end":{"line":58,"column":null}},"17":{"start":{"line":59,"column":19},"end":{"line":59,"column":null}},"18":{"start":{"line":61,"column":4},"end":{"line":61,"column":null}},"19":{"start":{"line":63,"column":2},"end":{"line":63,"column":null}},"20":{"start":{"line":67,"column":2},"end":{"line":67,"column":null}},"21":{"start":{"line":67,"column":28},"end":{"line":67,"column":44}},"22":{"start":{"line":81,"column":15},"end":{"line":81,"column":null}},"23":{"start":{"line":82,"column":15},"end":{"line":82,"column":null}},"24":{"start":{"line":83,"column":19},"end":{"line":83,"column":null}},"25":{"start":{"line":84,"column":20},"end":{"line":84,"column":null}},"26":{"start":{"line":85,"column":15},"end":{"line":85,"column":null}},"27":{"start":{"line":86,"column":20},"end":{"line":86,"column":null}},"28":{"start":{"line":87,"column":2},"end":{"line":87,"column":null}},"29":{"start":{"line":91,"column":2},"end":{"line":91,"column":null}},"30":{"start":{"line":91,"column":24},"end":{"line":91,"column":null}},"31":{"start":{"line":92,"column":2},"end":{"line":92,"column":null}},"32":{"start":{"line":92,"column":25},"end":{"line":92,"column":null}},"33":{"start":{"line":93,"column":2},"end":{"line":93,"column":null}},"34":{"start":{"line":98,"column":2},"end":{"line":98,"column":null}},"35":{"start":{"line":103,"column":16},"end":{"line":103,"column":null}},"36":{"start":{"line":104,"column":2},"end":{"line":104,"column":null}}},"fnMap":{"0":{"name":"weekNumber","decl":{"start":{"line":35,"column":16},"end":{"line":35,"column":27}},"loc":{"start":{"line":35,"column":53},"end":{"line":37,"column":null}},"line":35},"1":{"name":"hash01","decl":{"start":{"line":40,"column":9},"end":{"line":40,"column":16}},"loc":{"start":{"line":40,"column":44},"end":{"line":45,"column":null}},"line":40},"2":{"name":"botScores","decl":{"start":{"line":52,"column":16},"end":{"line":52,"column":26}},"loc":{"start":{"line":52,"column":82},"end":{"line":64,"column":null}},"line":52},"3":{"name":"rankOf","decl":{"start":{"line":66,"column":16},"end":{"line":66,"column":23}},"loc":{"start":{"line":66,"column":69},"end":{"line":68,"column":null}},"line":66},"4":{"name":"(anonymous_4)","decl":{"start":{"line":67,"column":14},"end":{"line":67,"column":22}},"loc":{"start":{"line":67,"column":28},"end":{"line":67,"column":44}},"line":67},"5":{"name":"resolveWeek","decl":{"start":{"line":80,"column":16},"end":{"line":80,"column":28}},"loc":{"start":{"line":80,"column":106},"end":{"line":88,"column":null}},"line":80},"6":{"name":"nextDivision","decl":{"start":{"line":90,"column":16},"end":{"line":90,"column":29}},"loc":{"start":{"line":90,"column":77},"end":{"line":94,"column":null}},"line":90},"7":{"name":"leagueMult","decl":{"start":{"line":97,"column":16},"end":{"line":97,"column":27}},"loc":{"start":{"line":97,"column":53},"end":{"line":99,"column":null}},"line":97},"8":{"name":"msUntilWeekEnd","decl":{"start":{"line":102,"column":16},"end":{"line":102,"column":31}},"loc":{"start":{"line":102,"column":57},"end":{"line":105,"column":null}},"line":102}},"branchMap":{"0":{"loc":{"start":{"line":35,"column":27},"end":{"line":35,"column":53}},"type":"default-arg","locations":[{"start":{"line":35,"column":33},"end":{"line":35,"column":53}}],"line":35},"1":{"loc":{"start":{"line":83,"column":19},"end":{"line":83,"column":null}},"type":"binary-expr","locations":[{"start":{"line":83,"column":19},"end":{"line":83,"column":44}},{"start":{"line":83,"column":44},"end":{"line":83,"column":null}}],"line":83},"2":{"loc":{"start":{"line":84,"column":20},"end":{"line":84,"column":null}},"type":"binary-expr","locations":[{"start":{"line":84,"column":20},"end":{"line":84,"column":59}},{"start":{"line":84,"column":59},"end":{"line":84,"column":null}}],"line":84},"3":{"loc":{"start":{"line":86,"column":20},"end":{"line":86,"column":null}},"type":"cond-expr","locations":[{"start":{"line":86,"column":44},"end":{"line":86,"column":48}},{"start":{"line":86,"column":48},"end":{"line":86,"column":null}}],"line":86},"4":{"loc":{"start":{"line":86,"column":48},"end":{"line":86,"column":null}},"type":"cond-expr","locations":[{"start":{"line":86,"column":87},"end":{"line":86,"column":91}},{"start":{"line":86,"column":91},"end":{"line":86,"column":null}}],"line":86},"5":{"loc":{"start":{"line":91,"column":2},"end":{"line":91,"column":null}},"type":"if","locations":[{"start":{"line":91,"column":2},"end":{"line":91,"column":null}},{"start":{},"end":{}}],"line":91},"6":{"loc":{"start":{"line":92,"column":2},"end":{"line":92,"column":null}},"type":"if","locations":[{"start":{"line":92,"column":2},"end":{"line":92,"column":null}},{"start":{},"end":{}}],"line":92},"7":{"loc":{"start":{"line":102,"column":31},"end":{"line":102,"column":57}},"type":"default-arg","locations":[{"start":{"line":102,"column":37},"end":{"line":102,"column":57}}],"line":102}},"s":{"0":5,"1":5,"2":5,"3":5,"4":5,"5":61,"6":209,"7":209,"8":627,"9":209,"10":209,"11":11,"12":11,"13":11,"14":11,"15":209,"16":209,"17":209,"18":209,"19":11,"20":8,"21":104,"22":5,"23":5,"24":5,"25":5,"26":5,"27":5,"28":5,"29":5,"30":1,"31":4,"32":1,"33":3,"34":5,"35":0,"36":0},"f":{"0":61,"1":209,"2":11,"3":8,"4":104,"5":5,"6":5,"7":5,"8":0},"b":{"0":[61],"1":[5,2],"2":[5,2],"3":[2,3],"4":[1,2],"5":[1,4],"6":[1,3],"7":[0]},"meta":{"lastBranch":8,"lastFunction":9,"lastStatement":37,"seen":{"s:22:37:28:Infinity":0,"s:30:27:30:Infinity":1,"s:31:29:31:Infinity":2,"s:32:30:32:Infinity":3,"s:33:16:33:Infinity":4,"f:35:16:35:27":0,"b:35:33:35:53":0,"s:36:2:36:Infinity":5,"f:40:9:40:16":1,"s:41:13:41:Infinity":6,"s:42:2:42:Infinity":7,"s:42:25:42:Infinity":8,"s:43:12:43:Infinity":9,"s:44:2:44:Infinity":10,"f:52:16:52:26":2,"s:53:17:53:Infinity":11,"s:54:27:54:Infinity":12,"s:55:2:62:Infinity":13,"s:55:15:55:18":14,"s:56:14:56:Infinity":15,"s:58:21:58:Infinity":16,"s:59:19:59:Infinity":17,"s:61:4:61:Infinity":18,"s:63:2:63:Infinity":19,"f:66:16:66:23":3,"s:67:2:67:Infinity":20,"f:67:14:67:22":4,"s:67:28:67:44":21,"f:80:16:80:28":5,"s:81:15:81:Infinity":22,"s:82:15:82:Infinity":23,"s:83:19:83:Infinity":24,"b:83:19:83:44:83:44:83:Infinity":1,"s:84:20:84:Infinity":25,"b:84:20:84:59:84:59:84:Infinity":2,"s:85:15:85:Infinity":26,"s:86:20:86:Infinity":27,"b:86:44:86:48:86:48:86:Infinity":3,"b:86:87:86:91:86:91:86:Infinity":4,"s:87:2:87:Infinity":28,"f:90:16:90:29":6,"b:91:2:91:Infinity:undefined:undefined:undefined:undefined":5,"s:91:2:91:Infinity":29,"s:91:24:91:Infinity":30,"b:92:2:92:Infinity:undefined:undefined:undefined:undefined":6,"s:92:2:92:Infinity":31,"s:92:25:92:Infinity":32,"s:93:2:93:Infinity":33,"f:97:16:97:27":7,"s:98:2:98:Infinity":34,"f:102:16:102:31":8,"b:102:37:102:57":7,"s:103:16:103:Infinity":35,"s:104:2:104:Infinity":36},"fnNames":{}}}
,"C:\\Users\\TEB283_WS\\Desktop\\AI Projektek\\SushiTycoon\\src\\game\\management.ts": {"path":"C:\\Users\\TEB283_WS\\Desktop\\AI Projektek\\SushiTycoon\\src\\game\\management.ts","statementMap":{"0":{"start":{"line":24,"column":40},"end":{"line":30,"column":null}},"1":{"start":{"line":33,"column":42},"end":{"line":33,"column":null}},"2":{"start":{"line":35,"column":36},"end":{"line":35,"column":null}},"3":{"start":{"line":37,"column":39},"end":{"line":37,"column":null}},"4":{"start":{"line":41,"column":32},"end":{"line":41,"column":null}},"5":{"start":{"line":48,"column":2},"end":{"line":48,"column":null}},"6":{"start":{"line":58,"column":25},"end":{"line":58,"column":null}},"7":{"start":{"line":65,"column":12},"end":{"line":65,"column":null}},"8":{"start":{"line":66,"column":2},"end":{"line":66,"column":null}},"9":{"start":{"line":71,"column":2},"end":{"line":71,"column":null}},"10":{"start":{"line":76,"column":2},"end":{"line":76,"column":null}},"11":{"start":{"line":85,"column":2},"end":{"line":85,"column":null}},"12":{"start":{"line":90,"column":13},"end":{"line":90,"column":null}},"13":{"start":{"line":91,"column":16},"end":{"line":91,"column":null}},"14":{"start":{"line":92,"column":2},"end":{"line":98,"column":null}},"15":{"start":{"line":93,"column":14},"end":{"line":93,"column":null}},"16":{"start":{"line":94,"column":4},"end":{"line":97,"column":null}},"17":{"start":{"line":95,"column":6},"end":{"line":95,"column":null}},"18":{"start":{"line":96,"column":6},"end":{"line":96,"column":null}},"19":{"start":{"line":99,"column":2},"end":{"line":99,"column":null}},"20":{"start":{"line":109,"column":12},"end":{"line":109,"column":null}},"21":{"start":{"line":109,"column":38},"end":{"line":109,"column":56}},"22":{"start":{"line":111,"column":15},"end":{"line":111,"column":null}},"23":{"start":{"line":112,"column":15},"end":{"line":112,"column":null}},"24":{"start":{"line":113,"column":2},"end":{"line":113,"column":null}},"25":{"start":{"line":117,"column":2},"end":{"line":117,"column":null}},"26":{"start":{"line":131,"column":37},"end":{"line":131,"column":null}},"27":{"start":{"line":134,"column":14},"end":{"line":134,"column":null}},"28":{"start":{"line":135,"column":13},"end":{"line":135,"column":null}},"29":{"start":{"line":136,"column":2},"end":{"line":136,"column":null}},"30":{"start":{"line":136,"column":37},"end":{"line":136,"column":null}},"31":{"start":{"line":137,"column":28},"end":{"line":137,"column":null}},"32":{"start":{"line":139,"column":19},"end":{"line":139,"column":null}},"33":{"start":{"line":140,"column":2},"end":{"line":140,"column":null}},"34":{"start":{"line":144,"column":2},"end":{"line":144,"column":null}},"35":{"start":{"line":153,"column":14},"end":{"line":153,"column":null}},"36":{"start":{"line":154,"column":13},"end":{"line":154,"column":null}},"37":{"start":{"line":155,"column":2},"end":{"line":155,"column":null}},"38":{"start":{"line":155,"column":37},"end":{"line":155,"column":null}},"39":{"start":{"line":156,"column":2},"end":{"line":156,"column":null}},"40":{"start":{"line":161,"column":14},"end":{"line":161,"column":null}},"41":{"start":{"line":162,"column":13},"end":{"line":162,"column":null}},"42":{"start":{"line":163,"column":2},"end":{"line":163,"column":null}},"43":{"start":{"line":163,"column":52},"end":{"line":163,"column":null}},"44":{"start":{"line":164,"column":2},"end":{"line":164,"column":null}},"45":{"start":{"line":168,"column":27},"end":{"line":168,"column":null}},"46":{"start":{"line":172,"column":2},"end":{"line":172,"column":null}},"47":{"start":{"line":172,"column":19},"end":{"line":172,"column":null}},"48":{"start":{"line":173,"column":2},"end":{"line":173,"column":null}},"49":{"start":{"line":173,"column":18},"end":{"line":173,"column":null}},"50":{"start":{"line":174,"column":2},"end":{"line":174,"column":null}},"51":{"start":{"line":178,"column":14},"end":{"line":178,"column":null}},"52":{"start":{"line":179,"column":2},"end":{"line":179,"column":null}},"53":{"start":{"line":188,"column":2},"end":{"line":188,"column":null}},"54":{"start":{"line":192,"column":31},"end":{"line":192,"column":null}},"55":{"start":{"line":194,"column":43},"end":{"line":194,"column":null}},"56":{"start":{"line":195,"column":40},"end":{"line":195,"column":null}},"57":{"start":{"line":198,"column":2},"end":{"line":198,"column":null}},"58":{"start":{"line":198,"column":29},"end":{"line":198,"column":null}},"59":{"start":{"line":199,"column":2},"end":{"line":199,"column":null}},"60":{"start":{"line":204,"column":2},"end":{"line":204,"column":null}},"61":{"start":{"line":204,"column":29},"end":{"line":204,"column":null}},"62":{"start":{"line":205,"column":2},"end":{"line":205,"column":null}}},"fnMap":{"0":{"name":"priceTolerance","decl":{"start":{"line":47,"column":16},"end":{"line":47,"column":31}},"loc":{"start":{"line":47,"column":59},"end":{"line":49,"column":null}},"line":47},"1":{"name":"demandFor","decl":{"start":{"line":64,"column":16},"end":{"line":64,"column":26}},"loc":{"start":{"line":64,"column":69},"end":{"line":67,"column":null}},"line":64},"2":{"name":"reputationMult","decl":{"start":{"line":70,"column":16},"end":{"line":70,"column":31}},"loc":{"start":{"line":70,"column":59},"end":{"line":72,"column":null}},"line":70},"3":{"name":"priceOf","decl":{"start":{"line":75,"column":16},"end":{"line":75,"column":24}},"loc":{"start":{"line":75,"column":46},"end":{"line":77,"column":null}},"line":75},"4":{"name":"netRate","decl":{"start":{"line":84,"column":16},"end":{"line":84,"column":24}},"loc":{"start":{"line":84,"column":67},"end":{"line":86,"column":null}},"line":84},"5":{"name":"bestTierFor","decl":{"start":{"line":89,"column":16},"end":{"line":89,"column":28}},"loc":{"start":{"line":89,"column":56},"end":{"line":100,"column":null}},"line":89},"6":{"name":"marketFactor","decl":{"start":{"line":108,"column":16},"end":{"line":108,"column":29}},"loc":{"start":{"line":108,"column":80},"end":{"line":114,"column":null}},"line":108},"7":{"name":"(anonymous_7)","decl":{"start":{"line":109,"column":21},"end":{"line":109,"column":32}},"loc":{"start":{"line":109,"column":38},"end":{"line":109,"column":56}},"line":109},"8":{"name":"dayNumber","decl":{"start":{"line":116,"column":16},"end":{"line":116,"column":26}},"loc":{"start":{"line":116,"column":52},"end":{"line":118,"column":null}},"line":116},"9":{"name":"baseIngredientCost","decl":{"start":{"line":133,"column":16},"end":{"line":133,"column":35}},"loc":{"start":{"line":133,"column":76},"end":{"line":141,"column":null}},"line":133},"10":{"name":"ingredientPrice","decl":{"start":{"line":143,"column":16},"end":{"line":143,"column":32}},"loc":{"start":{"line":143,"column":97},"end":{"line":145,"column":null}},"line":143},"11":{"name":"servingsForHours","decl":{"start":{"line":152,"column":16},"end":{"line":152,"column":33}},"loc":{"start":{"line":152,"column":89},"end":{"line":157,"column":null}},"line":152},"12":{"name":"stockDurationMs","decl":{"start":{"line":160,"column":16},"end":{"line":160,"column":32}},"loc":{"start":{"line":160,"column":73},"end":{"line":165,"column":null}},"line":160},"13":{"name":"bulkDiscount","decl":{"start":{"line":171,"column":16},"end":{"line":171,"column":29}},"loc":{"start":{"line":171,"column":52},"end":{"line":175,"column":null}},"line":171},"14":{"name":"stockCostForHours","decl":{"start":{"line":177,"column":16},"end":{"line":177,"column":34}},"loc":{"start":{"line":177,"column":114},"end":{"line":180,"column":null}},"line":177},"15":{"name":"contractCost","decl":{"start":{"line":187,"column":16},"end":{"line":187,"column":29}},"loc":{"start":{"line":187,"column":70},"end":{"line":189,"column":null}},"line":187},"16":{"name":"hasStock","decl":{"start":{"line":197,"column":16},"end":{"line":197,"column":25}},"loc":{"start":{"line":197,"column":67},"end":{"line":200,"column":null}},"line":197},"17":{"name":"servingsLeft","decl":{"start":{"line":203,"column":16},"end":{"line":203,"column":29}},"loc":{"start":{"line":203,"column":70},"end":{"line":206,"column":null}},"line":203}},"branchMap":{"0":{"loc":{"start":{"line":76,"column":9},"end":{"line":76,"column":null}},"type":"binary-expr","locations":[{"start":{"line":76,"column":9},"end":{"line":76,"column":44}},{"start":{"line":76,"column":44},"end":{"line":76,"column":null}}],"line":76},"1":{"loc":{"start":{"line":94,"column":4},"end":{"line":97,"column":null}},"type":"if","locations":[{"start":{"line":94,"column":4},"end":{"line":97,"column":null}},{"start":{},"end":{}}],"line":94},"2":{"loc":{"start":{"line":108,"column":48},"end":{"line":108,"column":80}},"type":"default-arg","locations":[{"start":{"line":108,"column":59},"end":{"line":108,"column":80}}],"line":108},"3":{"loc":{"start":{"line":116,"column":26},"end":{"line":116,"column":52}},"type":"default-arg","locations":[{"start":{"line":116,"column":32},"end":{"line":116,"column":52}}],"line":116},"4":{"loc":{"start":{"line":136,"column":2},"end":{"line":136,"column":null}},"type":"if","locations":[{"start":{"line":136,"column":2},"end":{"line":136,"column":null}},{"start":{},"end":{}}],"line":136},"5":{"loc":{"start":{"line":136,"column":6},"end":{"line":136,"column":37}},"type":"binary-expr","locations":[{"start":{"line":136,"column":6},"end":{"line":136,"column":14}},{"start":{"line":136,"column":14},"end":{"line":136,"column":21}},{"start":{"line":136,"column":21},"end":{"line":136,"column":37}}],"line":136},"6":{"loc":{"start":{"line":143,"column":65},"end":{"line":143,"column":97}},"type":"default-arg","locations":[{"start":{"line":143,"column":76},"end":{"line":143,"column":97}}],"line":143},"7":{"loc":{"start":{"line":155,"column":2},"end":{"line":155,"column":null}},"type":"if","locations":[{"start":{"line":155,"column":2},"end":{"line":155,"column":null}},{"start":{},"end":{}}],"line":155},"8":{"loc":{"start":{"line":155,"column":6},"end":{"line":155,"column":37}},"type":"binary-expr","locations":[{"start":{"line":155,"column":6},"end":{"line":155,"column":14}},{"start":{"line":155,"column":14},"end":{"line":155,"column":21}},{"start":{"line":155,"column":21},"end":{"line":155,"column":37}}],"line":155},"9":{"loc":{"start":{"line":163,"column":2},"end":{"line":163,"column":null}},"type":"if","locations":[{"start":{"line":163,"column":2},"end":{"line":163,"column":null}},{"start":{},"end":{}}],"line":163},"10":{"loc":{"start":{"line":163,"column":6},"end":{"line":163,"column":52}},"type":"binary-expr","locations":[{"start":{"line":163,"column":6},"end":{"line":163,"column":14}},{"start":{"line":163,"column":14},"end":{"line":163,"column":21}},{"start":{"line":163,"column":21},"end":{"line":163,"column":39}},{"start":{"line":163,"column":39},"end":{"line":163,"column":52}}],"line":163},"11":{"loc":{"start":{"line":164,"column":10},"end":{"line":164,"column":37}},"type":"binary-expr","locations":[{"start":{"line":164,"column":10},"end":{"line":164,"column":32}},{"start":{"line":164,"column":32},"end":{"line":164,"column":37}}],"line":164},"12":{"loc":{"start":{"line":172,"column":2},"end":{"line":172,"column":null}},"type":"if","locations":[{"start":{"line":172,"column":2},"end":{"line":172,"column":null}},{"start":{},"end":{}}],"line":172},"13":{"loc":{"start":{"line":173,"column":2},"end":{"line":173,"column":null}},"type":"if","locations":[{"start":{"line":173,"column":2},"end":{"line":173,"column":null}},{"start":{},"end":{}}],"line":173},"14":{"loc":{"start":{"line":177,"column":82},"end":{"line":177,"column":114}},"type":"default-arg","locations":[{"start":{"line":177,"column":93},"end":{"line":177,"column":114}}],"line":177},"15":{"loc":{"start":{"line":198,"column":2},"end":{"line":198,"column":null}},"type":"if","locations":[{"start":{"line":198,"column":2},"end":{"line":198,"column":null}},{"start":{},"end":{}}],"line":198},"16":{"loc":{"start":{"line":199,"column":10},"end":{"line":199,"column":37}},"type":"binary-expr","locations":[{"start":{"line":199,"column":10},"end":{"line":199,"column":32}},{"start":{"line":199,"column":32},"end":{"line":199,"column":37}}],"line":199},"17":{"loc":{"start":{"line":204,"column":2},"end":{"line":204,"column":null}},"type":"if","locations":[{"start":{"line":204,"column":2},"end":{"line":204,"column":null}},{"start":{},"end":{}}],"line":204},"18":{"loc":{"start":{"line":205,"column":9},"end":{"line":205,"column":null}},"type":"binary-expr","locations":[{"start":{"line":205,"column":9},"end":{"line":205,"column":31}},{"start":{"line":205,"column":31},"end":{"line":205,"column":null}}],"line":205}},"s":{"0":5,"1":5,"2":5,"3":5,"4":5,"5":639,"6":5,"7":632,"8":632,"9":0,"10":0,"11":627,"12":125,"13":125,"14":125,"15":625,"16":625,"17":402,"18":402,"19":125,"20":72,"21":82,"22":72,"23":72,"24":72,"25":3,"26":5,"27":4,"28":4,"29":4,"30":2,"31":2,"32":2,"33":2,"34":0,"35":5,"36":5,"37":5,"38":3,"39":2,"40":3,"41":3,"42":3,"43":1,"44":2,"45":5,"46":3,"47":1,"48":2,"49":1,"50":1,"51":0,"52":0,"53":4,"54":5,"55":5,"56":5,"57":3,"58":1,"59":2,"60":2,"61":2,"62":0},"f":{"0":639,"1":632,"2":0,"3":0,"4":627,"5":125,"6":72,"7":82,"8":3,"9":4,"10":0,"11":5,"12":3,"13":3,"14":0,"15":4,"16":3,"17":2},"b":{"0":[0,0],"1":[402,223],"2":[72],"3":[3],"4":[2,2],"5":[4,4,4],"6":[0],"7":[3,2],"8":[5,5,5],"9":[1,2],"10":[3,3,3,3],"11":[2,0],"12":[1,2],"13":[1,1],"14":[0],"15":[1,2],"16":[2,0],"17":[2,0],"18":[0,0]},"meta":{"lastBranch":19,"lastFunction":18,"lastStatement":63,"seen":{"s:24:40:30:Infinity":0,"s:33:42:33:Infinity":1,"s:35:36:35:Infinity":2,"s:37:39:37:Infinity":3,"s:41:32:41:Infinity":4,"f:47:16:47:31":0,"s:48:2:48:Infinity":5,"s:58:25:58:Infinity":6,"f:64:16:64:26":1,"s:65:12:65:Infinity":7,"s:66:2:66:Infinity":8,"f:70:16:70:31":2,"s:71:2:71:Infinity":9,"f:75:16:75:24":3,"s:76:2:76:Infinity":10,"b:76:9:76:44:76:44:76:Infinity":0,"f:84:16:84:24":4,"s:85:2:85:Infinity":11,"f:89:16:89:28":5,"s:90:13:90:Infinity":12,"s:91:16:91:Infinity":13,"s:92:2:98:Infinity":14,"s:93:14:93:Infinity":15,"b:94:4:97:Infinity:undefined:undefined:undefined:undefined":1,"s:94:4:97:Infinity":16,"s:95:6:95:Infinity":17,"s:96:6:96:Infinity":18,"s:99:2:99:Infinity":19,"f:108:16:108:29":6,"b:108:59:108:80":2,"s:109:12:109:Infinity":20,"f:109:21:109:32":7,"s:109:38:109:56":21,"s:111:15:111:Infinity":22,"s:112:15:112:Infinity":23,"s:113:2:113:Infinity":24,"f:116:16:116:26":8,"b:116:32:116:52":3,"s:117:2:117:Infinity":25,"s:131:37:131:Infinity":26,"f:133:16:133:35":9,"s:134:14:134:Infinity":27,"s:135:13:135:Infinity":28,"b:136:2:136:Infinity:undefined:undefined:undefined:undefined":4,"s:136:2:136:Infinity":29,"b:136:6:136:14:136:14:136:21:136:21:136:37":5,"s:136:37:136:Infinity":30,"s:137:28:137:Infinity":31,"s:139:19:139:Infinity":32,"s:140:2:140:Infinity":33,"f:143:16:143:32":10,"b:143:76:143:97":6,"s:144:2:144:Infinity":34,"f:152:16:152:33":11,"s:153:14:153:Infinity":35,"s:154:13:154:Infinity":36,"b:155:2:155:Infinity:undefined:undefined:undefined:undefined":7,"s:155:2:155:Infinity":37,"b:155:6:155:14:155:14:155:21:155:21:155:37":8,"s:155:37:155:Infinity":38,"s:156:2:156:Infinity":39,"f:160:16:160:32":12,"s:161:14:161:Infinity":40,"s:162:13:162:Infinity":41,"b:163:2:163:Infinity:undefined:undefined:undefined:undefined":9,"s:163:2:163:Infinity":42,"b:163:6:163:14:163:14:163:21:163:21:163:39:163:39:163:52":10,"s:163:52:163:Infinity":43,"s:164:2:164:Infinity":44,"b:164:10:164:32:164:32:164:37":11,"s:168:27:168:Infinity":45,"f:171:16:171:29":13,"b:172:2:172:Infinity:undefined:undefined:undefined:undefined":12,"s:172:2:172:Infinity":46,"s:172:19:172:Infinity":47,"b:173:2:173:Infinity:undefined:undefined:undefined:undefined":13,"s:173:2:173:Infinity":48,"s:173:18:173:Infinity":49,"s:174:2:174:Infinity":50,"f:177:16:177:34":14,"b:177:93:177:114":14,"s:178:14:178:Infinity":51,"s:179:2:179:Infinity":52,"f:187:16:187:29":15,"s:188:2:188:Infinity":53,"s:192:31:192:Infinity":54,"s:194:43:194:Infinity":55,"s:195:40:195:Infinity":56,"f:197:16:197:25":16,"b:198:2:198:Infinity:undefined:undefined:undefined:undefined":15,"s:198:2:198:Infinity":57,"s:198:29:198:Infinity":58,"s:199:2:199:Infinity":59,"b:199:10:199:32:199:32:199:37":16,"f:203:16:203:29":17,"b:204:2:204:Infinity:undefined:undefined:undefined:undefined":17,"s:204:2:204:Infinity":60,"s:204:29:204:Infinity":61,"s:205:2:205:Infinity":62,"b:205:9:205:31:205:31:205:Infinity":18},"fnNames":{}}}
,"C:\\Users\\TEB283_WS\\Desktop\\AI Projektek\\SushiTycoon\\src\\game\\math.ts": {"path":"C:\\Users\\TEB283_WS\\Desktop\\AI Projektek\\SushiTycoon\\src\\game\\math.ts","statementMap":{"0":{"start":{"line":13,"column":17},"end":{"line":16,"column":null}},"1":{"start":{"line":20,"column":2},"end":{"line":20,"column":null}},"2":{"start":{"line":20,"column":20},"end":{"line":20,"column":null}},"3":{"start":{"line":21,"column":2},"end":{"line":21,"column":null}},"4":{"start":{"line":21,"column":13},"end":{"line":21,"column":null}},"5":{"start":{"line":22,"column":2},"end":{"line":22,"column":null}},"6":{"start":{"line":22,"column":16},"end":{"line":22,"column":null}},"7":{"start":{"line":23,"column":15},"end":{"line":23,"column":null}},"8":{"start":{"line":24,"column":17},"end":{"line":24,"column":null}},"9":{"start":{"line":27,"column":2},"end":{"line":27,"column":null}},"10":{"start":{"line":27,"column":54},"end":{"line":27,"column":null}},"11":{"start":{"line":28,"column":2},"end":{"line":28,"column":null}},"12":{"start":{"line":32,"column":2},"end":{"line":32,"column":null}},"13":{"start":{"line":32,"column":29},"end":{"line":32,"column":null}},"14":{"start":{"line":33,"column":12},"end":{"line":33,"column":null}},"15":{"start":{"line":34,"column":12},"end":{"line":34,"column":null}},"16":{"start":{"line":35,"column":12},"end":{"line":35,"column":null}},"17":{"start":{"line":36,"column":14},"end":{"line":36,"column":null}},"18":{"start":{"line":37,"column":2},"end":{"line":37,"column":null}},"19":{"start":{"line":37,"column":13},"end":{"line":37,"column":null}},"20":{"start":{"line":38,"column":2},"end":{"line":38,"column":null}},"21":{"start":{"line":38,"column":13},"end":{"line":38,"column":null}},"22":{"start":{"line":39,"column":2},"end":{"line":39,"column":null}},"23":{"start":{"line":43,"column":10},"end":{"line":43,"column":null}},"24":{"start":{"line":44,"column":2},"end":{"line":44,"column":null}},"25":{"start":{"line":44,"column":31},"end":{"line":44,"column":null}},"26":{"start":{"line":44,"column":48},"end":{"line":44,"column":null}},"27":{"start":{"line":45,"column":2},"end":{"line":45,"column":null}},"28":{"start":{"line":49,"column":2},"end":{"line":49,"column":null}},"29":{"start":{"line":49,"column":31},"end":{"line":49,"column":null}},"30":{"start":{"line":49,"column":47},"end":{"line":49,"column":null}},"31":{"start":{"line":50,"column":2},"end":{"line":50,"column":null}},"32":{"start":{"line":55,"column":10},"end":{"line":55,"column":null}},"33":{"start":{"line":56,"column":2},"end":{"line":56,"column":null}},"34":{"start":{"line":56,"column":37},"end":{"line":56,"column":null}},"35":{"start":{"line":56,"column":54},"end":{"line":56,"column":null}},"36":{"start":{"line":57,"column":2},"end":{"line":57,"column":null}},"37":{"start":{"line":62,"column":10},"end":{"line":62,"column":null}},"38":{"start":{"line":63,"column":2},"end":{"line":63,"column":null}},"39":{"start":{"line":63,"column":33},"end":{"line":63,"column":null}},"40":{"start":{"line":63,"column":71},"end":{"line":63,"column":null}},"41":{"start":{"line":64,"column":2},"end":{"line":64,"column":null}},"42":{"start":{"line":69,"column":10},"end":{"line":69,"column":null}},"43":{"start":{"line":70,"column":2},"end":{"line":74,"column":null}},"44":{"start":{"line":71,"column":14},"end":{"line":71,"column":null}},"45":{"start":{"line":72,"column":4},"end":{"line":72,"column":null}},"46":{"start":{"line":72,"column":12},"end":{"line":72,"column":null}},"47":{"start":{"line":73,"column":4},"end":{"line":73,"column":null}},"48":{"start":{"line":73,"column":54},"end":{"line":73,"column":null}},"49":{"start":{"line":75,"column":2},"end":{"line":75,"column":null}},"50":{"start":{"line":83,"column":15},"end":{"line":83,"column":null}},"51":{"start":{"line":84,"column":14},"end":{"line":84,"column":null}},"52":{"start":{"line":85,"column":17},"end":{"line":85,"column":null}},"53":{"start":{"line":86,"column":14},"end":{"line":86,"column":null}},"54":{"start":{"line":87,"column":15},"end":{"line":87,"column":null}},"55":{"start":{"line":89,"column":16},"end":{"line":89,"column":null}},"56":{"start":{"line":90,"column":14},"end":{"line":90,"column":null}},"57":{"start":{"line":92,"column":15},"end":{"line":92,"column":null}},"58":{"start":{"line":93,"column":17},"end":{"line":93,"column":null}},"59":{"start":{"line":94,"column":19},"end":{"line":94,"column":null}},"60":{"start":{"line":95,"column":2},"end":{"line":95,"column":null}},"61":{"start":{"line":104,"column":2},"end":{"line":104,"column":null}},"62":{"start":{"line":109,"column":17},"end":{"line":109,"column":null}},"63":{"start":{"line":110,"column":20},"end":{"line":110,"column":null}},"64":{"start":{"line":111,"column":2},"end":{"line":111,"column":null}},
[...]
nity":97,"b:253:4:258:Infinity:undefined:undefined:undefined:undefined":28,"s:253:4:258:Infinity":98,"s:254:18:254:Infinity":99,"b:255:6:256:Infinity:256:11:256:Infinity":29,"s:255:6:256:Infinity":100,"s:255:27:255:Infinity":101,"b:256:11:256:Infinity:undefined:undefined:undefined:undefined":30,"s:256:11:256:Infinity":102,"s:256:46:256:Infinity":103,"s:257:6:257:Infinity":104,"s:262:20:262:Infinity":105,"b:262:60:262:101:262:101:262:Infinity":31,"f:262:30:262:36":10,"s:262:42:262:56":106,"f:262:70:262:78":11,"s:262:84:262:97":107,"s:265:16:265:Infinity":108,"s:266:22:266:Infinity":109,"s:267:19:267:Infinity":110,"b:268:4:290:Infinity:271:11:290:Infinity":32,"s:268:4:290:Infinity":111,"b:268:8:268:17:268:17:268:37":33,"s:269:6:269:Infinity":112,"s:270:6:270:Infinity":113,"b:271:11:290:Infinity:undefined:undefined:undefined:undefined":34,"s:271:11:290:Infinity":114,"b:271:15:271:25:271:25:271:45":35,"s:272:25:272:Infinity":115,"f:272:34:272:40":12,"s:272:46:272:68":116,"b:273:6:289:Infinity:286:13:289:Infinity":36,"s:273:6:289:Infinity":117,"b:274:8:285:Infinity:278:15:285:Infinity":37,"s:274:8:285:Infinity":118,"s:275:10:275:Infinity":119,"s:276:10:276:Infinity":120,"s:277:10:277:Infinity":121,"s:279:10:283:Infinity":122,"s:284:10:284:Infinity":123,"s:288:8:288:Infinity":124,"s:292:28:295:Infinity":125,"b:294:28:294:36:294:36:294:Infinity":38,"s:296:4:299:Infinity":126,"f:296:4:296:9":13,"s:296:19:299:6":127,"b:298:29:298:69:298:69:298:Infinity":39,"s:302:4:302:Infinity":128,"b:303:4:306:Infinity:undefined:undefined:undefined:undefined":40,"s:303:4:306:Infinity":129,"s:304:6:304:Infinity":130,"s:305:6:305:Infinity":131,"f:309:2:309:15":14,"s:309:21:309:Infinity":132,"f:311:2:311:8":15,"s:312:27:312:Infinity":133,"s:313:16:313:Infinity":134,"s:314:15:314:Infinity":135,"s:315:14:315:Infinity":136,"b:315:34:315:74:315:74:315:Infinity":41,"b:316:4:316:Infinity:undefined:undefined:undefined:undefined":42,"s:316:4:316:Infinity":137,"s:316:16:316:Infinity":138,"s:317:17:317:Infinity":139,"b:318:4:318:Infinity:undefined:undefined:undefined:undefined":43,"s:318:4:318:Infinity":140,"s:318:24:318:Infinity":141,"s:319:22:319:Infinity":142,"s:320:21:320:Infinity":143,"s:323:18:325:Infinity":144,"b:324:8:324:Infinity:325:8:325:Infinity":44,"b:323:18:323:31:323:31:323:Infinity":45,"s:326:4:326:Infinity":145,"s:327:4:327:Infinity":146,"b:328:4:331:Infinity:undefined:undefined:undefined:undefined":46,"s:328:4:331:Infinity":147,"s:329:6:329:Infinity":148,"s:330:6:330:Infinity":149,"f:334:2:334:16":16,"s:335:18:335:Infinity":150,"s:336:16:336:Infinity":151,"s:337:15:337:Infinity":152,"s:338:17:338:Infinity":153,"b:339:4:339:Infinity:undefined:undefined:undefined:undefined":47,"s:339:4:339:Infinity":154,"b:339:8:339:22:339:22:339:40:339:40:339:56":48,"s:339:56:339:Infinity":155,"s:340:4:347:Infinity":156,"s:348:4:348:Infinity":157,"s:349:4:349:Infinity":158,"s:350:20:350:Infinity":159,"s:351:4:355:Infinity":160,"b:354:16:354:95:354:95:354:Infinity":49,"f:358:2:358:15":17,"s:359:18:359:Infinity":161,"s:360:15:360:Infinity":162,"b:361:4:361:Infinity:undefined:undefined:undefined:undefined":50,"s:361:4:361:Infinity":163,"b:361:8:361:15:361:15:361:33:361:33:361:47:361:47:361:59":51,"s:361:59:361:Infinity":164,"s:362:4:362:Infinity":165,"s:363:4:369:Infinity":166,"f:372:2:372:15":18,"s:373:18:373:Infinity":167,"s:374:14:374:Infinity":168,"b:375:4:375:Infinity:undefined:undefined:undefined:undefined":52,"s:375:4:375:Infinity":169,"b:375:8:375:14:375:14:375:41:375:41:375:59":53,"s:375:59:375:Infinity":170,"s:376:4:383:Infinity":171,"s:384:4:384:Infinity":172,"s:385:4:385:Infinity":173,"s:386:4:386:Infinity":174,"f:389:2:389:15":19,"s:390:18:390:Infinity":175,"s:391:40:391:Infinity":176,"f:391:74:391:80":20,"s:391:86:391:97":177,"b:392:4:392:Infinity:undefined:undefined:undefined:undefined":54,"s:392:4:392:Infinity":178,"s:392:14:392:Infinity":179,"b:393:4:393:Infinity:undefined:undefined:undefined:undefined":55,"s:393:4:393:Infinity":180,"s:393:45:393:Infinity":181,"s:394:16:394:Infinity":182,"b:395:4:395:Infinity:undefined:undefined:undefined:undefined":56,"s:395:4:395:Infinity":183,"b:395:9:395:31:395:31:395:36":57,"s:395:41:395:Infinity":184,"s:397:28:401:Infinity":185,"b:403:4:419:Infinity:409:11:419:Infinity":58,"s:403:4:419:Infinity":186,"s:404:19:404:Infinity":187,"s:405:6:405:Infinity":188,"s:406:6:406:Infinity":189,"s:407:6:407:Infinity":190,"s:408:6:408:Infinity":191,"s:410:24:410:Infinity":192,"s:411:6:417:Infinity":193,"s:418:6:418:Infinity":194,"s:421:4:421:Infinity":195,"s:422:4:422:Infinity":196,"s:423:4:423:Infinity":197,"f:426:2:426:18":21,"s:427:18:427:Infinity":198,"b:428:4:428:Infinity:undefined:undefined:undefined:undefined":59,"s:428:4:428:Infinity":199,"b:428:8:428:35:428:35:428:64":60,"s:428:64:428:Infinity":200,"s:429:17:429:Infinity":201,"b:429:36:429:61:429:61:429:Infinity":61,"s:430:4:441:Infinity":202,"s:442:4:442:Infinity":203,"s:443:4:443:Infinity":204,"s:444:4:444:Infinity":205,"f:447:2:447:12":22,"s:448:18:448:Infinity":206,"s:449:16:449:Infinity":207,"b:450:4:450:Infinity:undefined:undefined:undefined:undefined":62,"s:450:4:450:Infinity":208,"s:450:14:450:Infinity":209,"s:451:17:451:Infinity":210,"b:452:4:452:Infinity:undefined:undefined:undefined:undefined":63,"s:452:4:452:Infinity":211,"b:452:8:452:24:452:24:452:40":64,"s:452:40:452:Infinity":212,"s:453:16:453:Infinity":213,"s:454:4:456:Infinity":214,"s:457:4:457:Infinity":215,"s:458:4:458:Infinity":216,"s:459:4:459:Infinity":217,"f:462:2:462:17":23,"s:463:27:463:Infinity":218,"b:464:4:464:Infinity:undefined:undefined:undefined:undefined":65,"s:464:4:464:Infinity":219,"s:464:18:464:Infinity":220,"s:465:17:465:Infinity":221,"b:465:45:465:49:465:49:465:Infinity":66,"s:468:18:468:Infinity":222,"s:469:4:471:Infinity":223,"s:470:6:470:Infinity":224,"b:470:31:470:44:470:44:470:49":67,"s:472:4:482:Infinity":225,"b:479:73:479:77:479:77:479:80":68,"s:483:4:483:Infinity":226,"s:484:4:484:Infinity":227,"f:488:2:488:19":24,"s:489:18:489:Infinity":228,"s:490:16:490:Infinity":229,"b:491:4:491:Infinity:undefined:undefined:undefined:undefined":69,"s:491:4:491:Infinity":230,"b:491:8:491:16:491:16:491:29":70,"s:491:29:491:Infinity":231,"s:492:16:492:Infinity":232,"s:493:18:493:Infinity":233,"s:494:4:494:Infinity":234,"s:495:4:495:Infinity":235,"f:499:2:499:16":25,"s:500:18:500:Infinity":236,"s:501:16:501:Infinity":237,"b:502:4:502:Infinity:undefined:undefined:undefined:undefined":71,"s:502:4:502:Infinity":238,"s:502:14:502:Infinity":239,"s:503:16:503:Infinity":240,"s:504:17:504:Infinity":241,"b:505:4:505:Infinity:undefined:undefined:undefined:undefined":72,"s:505:4:505:Infinity":242,"b:505:8:505:24:505:24:505:46":73,"s:505:46:505:Infinity":243,"s:507:18:507:Infinity":244,"s:508:18:508:Infinity":245,"s:510:19:510:Infinity":246,"b:510:62:510:86:510:86:510:Infinity":74,"b:510:19:510:34:510:34:510:62":75,"s:511:4:511:Infinity":247,"s:512:4:512:Infinity":248,"s:513:4:513:Infinity":249,"b:514:4:518:Infinity:516:11:518:Infinity":76,"s:514:4:518:Infinity":250,"s:515:6:515:Infinity":251,"s:517:6:517:Infinity":252,"f:521:2:521:15":26,"s:522:18:522:Infinity":253,"b:523:4:523:Infinity:undefined:undefined:undefined:undefined":77,"s:523:4:523:Infinity":254,"s:523:41:523:Infinity":255,"b:524:4:528:Infinity:undefined:undefined:undefined:undefined":78,"s:524:4:528:Infinity":256,"s:525:6:525:Infinity":257,"f:525:40:525:48":27,"s:525:54:525:66":258,"s:526:6:526:Infinity":259,"s:527:6:527:Infinity":260,"b:529:4:532:Infinity:undefined:undefined:undefined:undefined":79,"s:529:4:532:Infinity":261,"s:530:6:530:Infinity":262,"s:531:6:531:Infinity":263,"s:533:4:533:Infinity":264,"s:534:4:534:Infinity":265,"f:537:2:537:17":28,"s:538:18:538:Infinity":266,"s:539:16:539:Infinity":267,"b:540:4:540:Infinity:undefined:undefined:undefined:undefined":80,"s:540:4:540:Infinity":268,"s:540:14:540:Infinity":269,"s:541:17:541:Infinity":270,"b:542:4:545:Infinity:undefined:undefined:undefined:undefined":81,"s:542:4:545:Infinity":271,"s:543:6:543:Infinity":272,"s:544:6:544:Infinity":273,"s:546:16:546:Infinity":274,"s:547:4:553:Infinity":275,"s:554:4:554:Infinity":276,"s:555:4:555:Infinity":277,"f:558:2:558:17":29,"s:559:18:559:Infinity":278,"s:560:17:560:Infinity":279,"b:561:4:561:Infinity:undefined:undefined:undefined:undefined":82,"s:561:4:561:Infinity":280,"b:561:8:561:24:561:24:561:39":83,"s:561:39:561:Infinity":281,"s:562:4:562:Infinity":282,"s:563:4:563:Infinity":283,"s:564:4:564:Infinity":284,"s:565:4:565:Infinity":285,"f:568:2:568:17":30,"s:569:18:569:Infinity":286,"b:570:4:570:Infinity:undefined:undefined:undefined:undefined":84,"s:570:4:570:Infinity":287,"b:570:8:570:20:570:20:570:50:570:50:570:72":85,"s:570:72:570:Infinity":288,"s:571:4:571:Infinity":289,"s:572:4:572:Infinity":290,"s:573:4:573:Infinity":291,"s:574:14:574:Infinity":292,"s:575:4:575:Infinity":293,"f:578:2:578:13":31,"s:579:18:579:Infinity":294,"s:580:17:580:Infinity":295,"b:581:4:584:Infinity:undefined:undefined:undefined:undefined":86,"s:581:4:584:Infinity":296,"s:582:6:582:Infinity":297,"s:583:6:583:Infinity":298,"s:585:16:585:Infinity":299,"s:586:4:592:Infinity":300,"b:590:43:590:65:590:65:590:70":87,"s:593:4:593:Infinity":301,"s:594:4:594:Infinity":302,"f:597:2:597:16":32,"s:598:18:598:Infinity":303,"b:599:4:599:Infinity:undefined:undefined:undefined:undefined":88,"s:599:4:599:Infinity":304,"s:599:41:599:Infinity":305,"s:600:17:600:Infinity":306,"b:601:4:601:Infinity:undefined:undefined:undefined:undefined":89,"s:601:4:601:Infinity":307,"s:601:24:601:Infinity":308,"s:602:4:602:Infinity":309,"s:603:4:603:Infinity":310,"s:604:4:604:Infinity":311,"s:605:4:605:Infinity":312,"f:608:2:608:15":33,"s:609:18:609:Infinity":313,"s:610:17:610:Infinity":314,"b:610:69:610:73:610:73:610:Infinity":90,"s:613:10:614:Infinity":315,"s:616:18:616:Infinity":316,"s:617:20:617:Infinity":317,"s:618:20:618:Infinity":318,"s:619:4:638:Infinity":319,"b:627:12:627:Infinity:628:12:628:Infinity":91,"b:635:54:635:58:635:58:635:Infinity":92,"s:639:4:639:Infinity":320,"s:640:4:640:Infinity":321,"b:641:4:643:Infinity:undefined:undefined:undefined:undefined":93,"s:641:4:643:Infinity":322,"s:642:6:642:Infinity":323,"b:644:4:646:Infinity:undefined:undefined:undefined:undefined":94,"s:644:4:646:Infinity":324,"b:644:8:644:39:644:39:644:65":95,"s:645:6:645:Infinity":325,"f:649:2:649:28":34,"s:650:18:650:Infinity":326,"s:651:4:651:Infinity":327,"f:655:2:655:28":35,"s:656:18:656:Infinity":328,"s:657:4:657:Infinity":329,"s:658:4:658:Infinity":330,"f:661:2:661:27":36,"s:662:18:662:Infinity":331,"b:663:4:666:Infinity:undefined:undefined:undefined:undefined":96,"s:663:4:666:Infinity":332,"s:664:6:664:Infinity":333,"s:665:6:665:Infinity":334,"s:667:4:667:Infinity":335,"s:668:4:668:Infinity":336,"s:669:4:669:Infinity":337,"f:672:2:672:14":37,"s:673:18:673:Infinity":338,"s:674:18:674:Infinity":339,"b:675:4:678:Infinity:undefined:undefined:undefined:undefined":97,"s:675:4:678:Infinity":340,"s:676:6:676:Infinity":341,"s:677:6:677:Infinity":342,"s:679:17:679:Infinity":343,"b:680:4:686:Infinity:undefined:undefined:undefined:undefined":98,"s:680:4:686:Infinity":344,"s:681:19:681:Infinity":345,"s:682:6:682:Infinity":346,"s:683:6:683:Infinity":347,"s:684:6:684:Infinity":348,"s:685:6:685:Infinity":349,"b:687:4:693:Infinity:undefined:undefined:undefined:undefined":99,"s:687:4:693:Infinity":350,"s:688:6:691:Infinity":351,"s:692:6:692:Infinity":352,"s:694:4:694:Infinity":353,"s:695:4:695:Infinity":354,"s:696:4:696:Infinity":355,"f:699:2:699:22":38,"s:700:18:700:Infinity":356,"s:701:22:701:Infinity":357,"s:702:4:711:Infinity":358,"s:712:4:712:Infinity":359,"s:713:4:713:Infinity":360,"s:714:4:714:Infinity":361,"f:717:2:717:18":39,"s:718:18:718:Infinity":362,"s:719:17:719:Infinity":363,"b:720:4:720:Infinity:undefined:undefined:undefined:undefined":100,"s:720:4:720:Infinity":364,"s:720:35:720:Infinity":365,"s:722:21:722:Infinity":366,"s:724:21:724:Infinity":367,"s:725:4:727:Infinity":368,"s:725:17:725:20":369,"b:725:20:725:36:725:36:725:57":101,"s:726:6:726:Infinity":370,"s:729:4:749:Infinity":371,"s:750:4:750:Infinity":372,"s:751:4:751:Infinity":373,"s:752:4:752:Infinity":374,"f:755:2:755:20":40,"s:756:18:756:Infinity":375,"s:757:18:757:Infinity":376,"b:758:4:758:Infinity:undefined:undefined:undefined:undefined":102,"s:758:4:758:Infinity":377,"s:758:56:758:Infinity":378,"s:759:22:759:Infinity":379,"s:760:19:760:Infinity":380,"b:760:72:760:92:760:92:760:Infinity":103,"s:761:17:761:Infinity":381,"s:764:17:764:Infinity":382,"s:765:18:765:Infinity":383,"s:766:16:766:Infinity":384,"s:767:4:775:Infinity":385,"s:776:4:776:Infinity":386,"s:777:4:777:Infinity":387,"s:778:4:778:Infinity":388,"f:781:2:781:13":41,"s:782:18:782:Infinity":389,"s:783:17:783:Infinity":390,"b:784:4:784:Infinity:undefined:undefined:undefined:undefined":104,"s:784:4:784:Infinity":391,"s:784:30:784:Infinity":392,"b:785:4:785:Infinity:undefined:undefined:undefined:undefined":105,"s:785:4:785:Infinity":393,"s:785:30:785:Infinity":394,"b:786:4:790:Infinity:undefined:undefined:undefined:undefined":106,"s:786:4:790:Infinity":395,"s:787:6:787:Infinity":396,"s:788:6:788:Infinity":397,"s:789:6:789:Infinity":398,"b:791:4:791:Infinity:undefined:undefined:undefined:undefined":107,"s:791:4:791:Infinity":399,"s:791:25:791:42":400,"s:791:42:791:61":401,"s:791:61:791:79":402,"b:792:4:792:Infinity:undefined:undefined:undefined:undefined":108,"s:792:4:792:Infinity":403,"s:792:25:792:Infinity":404,"b:793:4:793:Infinity:undefined:undefined:undefined:undefined":109,"s:793:4:793:Infinity":405,"s:793:29:793:Infinity":406,"b:794:4:800:Infinity:undefined:undefined:undefined:undefined":110,"s:794:4:800:Infinity":407,"s:795:6:795:Infinity":408,"s:796:6:796:Infinity":409,"s:797:6:797:Infinity":410,"s:798:6:798:Infinity":411,"s:799:6:799:Infinity":412,"s:801:4:801:Infinity":413,"s:802:4:802:Infinity":414,"s:803:4:803:Infinity":415,"f:806:2:806:14":42,"s:807:4:807:Infinity":416,"s:808:4:808:Infinity":417,"f:808:4:808:21":43,"s:808:21:808:75":418,"f:808:21:808:26":44,"s:808:33:808:72":419,"b:808:51:808:69:808:69:808:72":111,"f:811:2:811:15":45,"s:814:4:814:Infinity":420,"b:815:4:815:Infinity:undefined:undefined:undefined:undefined":112,"s:815:4:815:Infinity":421,"s:815:22:815:Infinity":422,"f:818:2:818:14":46,"s:819:14:819:Infinity":423,"s:820:4:820:Infinity":424,"f:823:2:823:19":47,"s:824:4:824:Infinity":425,"s:825:4:825:Infinity":426,"f:833:9:833:23":48,"s:834:16:834:Infinity":427,"s:835:12:835:Infinity":428,"s:836:16:836:Infinity":429,"s:837:26:837:Infinity":430,"b:852:2:863:Infinity:undefined:undefined:undefined:undefined":113,"s:852:2:863:Infinity":431,"s:853:17:853:Infinity":432,"f:853:26:853:34":49,"s:853:40:853:66":433,"b:854:4:862:Infinity:undefined:undefined:undefined:undefined":114,"s:854:4:862:Infinity":434,"s:855:6:855:Infinity":435,"s:856:6:856:Infinity":436,"s:857:6:859:Infinity":437,"f:858:17:858:22":50,"s:858:28:858:116":438,"b:858:64:858:114:858:114:858:115":115,"s:860:6:860:Infinity":439,"s:861:6:861:Infinity":440,"s:865:18:865:Infinity":441,"s:866:16:866:Infinity":442,"b:867:2:874:Infinity:undefined:undefined:undefined:undefined":116,"s:867:2:874:Infinity":443,"b:867:6:867:24:867:24:867:43":117,"s:868:4:868:Infinity":444,"s:869:4:869:Infinity":445,"s:870:4:870:Infinity":446,"s:871:4:871:Infinity":447,"s:872:4:872:Infinity":448,"s:873:4:873:Infinity":449,"s:878:15:878:Infinity":450,"b:879:2:884:Infinity:undefined:undefined:undefined:undefined":118,"s:879:2:884:Infinity":451,"s:880:4:880:Infinity":452,"s:881:4:881:Infinity":453,"s:882:4:882:Infinity":454,"s:883:4:883:Infinity":455,"s:888:13:888:24":456,"b:889:2:909:Infinity:undefined:undefined:undefined:undefined":119,"s:889:2:909:Infinity":457,"s:890:4:890:Infinity":458,"s:891:33:891:Infinity":459,"s:892:24:892:Infinity":460,"s:893:4:893:Infinity":461,"s:894:4:894:Infinity":462,"s:895:4:895:Infinity":463,"b:896:4:900:Infinity:undefined:undefined:undefined:undefined":120,"s:896:4:900:Infinity":464,"s:897:22:897:Infinity":465,"s:898:18:898:Infinity":466,"s:899:6:899:Infinity":467,"s:901:18:905:Infinity":468,"b:902:8:902:Infinity:903:8:905:Infinity":121,"b:904:10:904:Infinity:905:10:905:Infinity":122,"s:906:17:906:Infinity":469,"b:906:63:906:102:906:102:906:Infinity":123,"s:907:4:907:Infinity":470,"s:908:4:908:Infinity":471,"s:912:2:931:Infinity":472,"s:913:14:913:Infinity":473,"b:914:4:914:Infinity:undefined:undefined:undefined:undefined":124,"s:914:4:914:Infinity":474,"b:914:8:914:14:914:14:914:40":125,"s:914:40:914:Infinity":475,"s:915:4:915:Infinity":476,"s:916:4:916:Infinity":477,"s:917:4:917:Infinity":478,"f:917:42:917:50":51,"s:917:56:917:65":479,"s:918:21:918:Infinity":480,"b:919:4:919:Infinity:undefined:undefined:undefined:undefined":126,"s:919:4:919:Infinity":481,"s:919:18:919:Infinity":482,"b:921:4:921:Infinity:undefined:undefined:undefined:undefined":127,"s:921:4:921:Infinity":483,"s:921:23:921:Infinity":484,"b:922:4:927:Infinity:undefined:undefined:undefined:undefined":128,"s:922:4:927:Infinity":485,"s:923:19:923:Infinity":486,"s:924:6:924:Infinity":487,"s:925:6:925:Infinity":488,"s:926:6:926:Infinity":489,"s:928:23:928:Infinity":490,"b:928:39:928:64:928:64:928:Infinity":129,"b:928:96:928:120:928:120:928:122":130,"s:929:4:929:Infinity":491,"s:930:4:930:Infinity":492,"s:934:2:940:Infinity":493,"b:935:4:935:Infinity:undefined:undefined:undefined:undefined":131,"s:935:4:935:Infinity":494,"b:935:8:935:44:935:44:935:56":132,"s:935:56:935:Infinity":495,"s:936:4:936:Infinity":496,"s:937:4:937:Infinity":497,"s:938:4:938:Infinity":498,"s:939:4:939:Infinity":499,"b:942:2:942:Infinity:undefined:undefined:undefined:undefined":133,"s:942:2:942:Infinity":500,"s:942:15:942:Infinity":501,"f:946:16:946:32":52,"s:947:2:947:Infinity":502,"b:952:0:959:Infinity:undefined:undefined:undefined:undefined":134,"s:952:0:959:Infinity":503,"s:953:12:953:Infinity":504,"s:954:2:954:Infinity":505,"s:955:2:955:Infinity":506,"s:956:2:956:Infinity":507,"s:957:2:957:Infinity":508,"s:958:2:958:Infinity":509},"fnNames":{}}}
,"C:\\Users\\TEB283_WS\\Desktop\\AI Projektek\\SushiTycoon\\src\\game\\types.ts": {"path":"C:\\Users\\TEB283_WS\\Desktop\\AI Projektek\\SushiTycoon\\src\\game\\types.ts","statementMap":{},"fnMap":{},"branchMap":{},"s":{},"f":{},"b":{},"meta":{"lastBranch":0,"lastFunction":0,"lastStatement":0,"seen":{},"fnNames":{}}}
,"C:\\Users\\TEB283_WS\\Desktop\\AI Projektek\\SushiTycoon\\src\\game\\upgrades.ts": {"path":"C:\\Users\\TEB283_WS\\Desktop\\AI Projektek\\SushiTycoon\\src\\game\\upgrades.ts","statementMap":{"0":{"start":{"line":23,"column":14},"end":{"line":28,"column":null}},"1":{"start":{"line":31,"column":38},"end":{"line":42,"column":null}},"2":{"start":{"line":32,"column":2},"end":{"line":41,"column":null}},"3":{"start":{"line":32,"column":23},"end":{"line":41,"column":4}},"4":{"start":{"line":48,"column":37},"end":{"line":55,"column":null}},"5":{"start":{"line":57,"column":38},"end":{"line":57,"column":null}},"6":{"start":{"line":58,"column":29},"end":{"line":58,"column":null}},"7":{"start":{"line":58,"column":68},"end":{"line":58,"column":77}}},"fnMap":{"0":{"name":"(anonymous_0)","decl":{"start":{"line":31,"column":47},"end":{"line":31,"column":56}},"loc":{"start":{"line":32,"column":2},"end":{"line":41,"column":null}},"line":32},"1":{"name":"(anonymous_1)","decl":{"start":{"line":32,"column":8},"end":{"line":32,"column":13}},"loc":{"start":{"line":32,"column":23},"end":{"line":41,"column":4}},"line":32},"2":{"name":"(anonymous_2)","decl":{"start":{"line":58,"column":57},"end":{"line":58,"column":62}},"loc":{"start":{"line":58,"column":68},"end":{"line":58,"column":77}},"line":58}},"branchMap":{},"s":{"0":5,"1":5,"2":50,"3":200,"4":5,"5":5,"6":5,"7":230},"f":{"0":50,"1":200,"2":230},"b":{},"meta":{"lastBranch":0,"lastFunction":3,"lastStatement":8,"seen":{"s:23:14:28:Infinity":0,"s:31:38:42:Infinity":1,"f:31:47:31:56":0,"s:32:2:41:Infinity":2,"f:32:8:32:13":1,"s:32:23:41:4":3,"s:48:37:55:Infinity":4,"s:57:38:57:Infinity":5,"s:58:29:58:Infinity":6,"f:58:57:58:62":2,"s:58:68:58:77":7},"fnNames":{}}}
}
